#
# There is insufficient memory for the Java Runtime Environment to continue.
# Native memory allocation (malloc) failed to allocate 273296 bytes for Chunk::new
# Possible reasons:
#   The system is out of physical RAM or swap space
#   In 32 bit mode, the process size limit was hit
# Possible solutions:
#   Reduce memory load on the system
#   Increase physical memory or swap space
#   Check if swap backing store is full
#   Use 64 bit Java on a 64 bit OS
#   Decrease Java heap size (-Xmx/-Xms)
#   Decrease number of Java threads
#   Decrease Java thread stack sizes (-Xss)
#   Set larger code cache with -XX:ReservedCodeCacheSize=
# This output file may be truncated or incomplete.
#
#  Out of Memory Error (allocation.cpp:390), pid=2192, tid=0x0000000000003320
#
# JRE version: Java(TM) SE Runtime Environment (8.0_144-b01) (build 1.8.0_144-b01)
# Java VM: Java HotSpot(TM) 64-Bit Server VM (25.144-b01 mixed mode windows-amd64 compressed oops)
# Failed to write core dump. Minidumps are not enabled by default on client versions of Windows
#

---------------  T H R E A D  ---------------

Current thread (0x000000003a604800):  JavaThread "C2 CompilerThread1" daemon [_thread_in_native, id=13088, stack(0x000000003be70000,0x000000003bf70000)]

Stack: [0x000000003be70000,0x000000003bf70000]
[error occurred during error reporting (printing stack bounds), id 0xc0000005]

Native frames: (J=compiled Java code, j=interpreted, Vv=VM code, C=native code)


Current CompileTask:
C2:  31140 6103       4       com.google.common.collect.AbstractMapBasedMultimap::put (92 bytes)


---------------  P R O C E S S  ---------------

Java Threads: ( => current thread )
  0x000000003db33000 JavaThread "Memory manager" [_thread_blocked, id=3324, stack(0x0000000043b00000,0x0000000043c00000)]
  0x000000003db32000 JavaThread "build operations Thread 4" [_thread_blocked, id=13644, stack(0x0000000043600000,0x0000000043700000)]
  0x000000003cb66800 JavaThread "build operations Thread 3" [_thread_blocked, id=8376, stack(0x0000000043500000,0x0000000043600000)]
  0x000000003cb6d000 JavaThread "build operations Thread 2" [_thread_blocked, id=13844, stack(0x0000000043400000,0x0000000043500000)]
  0x000000003cb6b000 JavaThread "build operations" [_thread_blocked, id=7916, stack(0x0000000043300000,0x0000000043400000)]
  0x000000003cb6a000 JavaThread "Cache worker for Artifact transforms cache (C:\Users\Personal\.gradle\caches\transforms-1)" [_thread_blocked, id=9204, stack(0x00000000429e0000,0x0000000042ae0000)]
  0x000000003cb68800 JavaThread "Cache worker for file hash cache (C:\Users\Personal\Desktop\ProyectosOscar\ProyectoMovil\VetsCol\platforms\android\.gradle\4.1\fileHashes)" [_thread_blocked, id=13952, stack(0x00000000403b0000,0x00000000404b0000)]
  0x000000003cb6b800 JavaThread "File lock request listener" [_thread_in_native, id=8140, stack(0x000000003f2e0000,0x000000003f3e0000)]
  0x000000003cb68000 JavaThread "Cache worker for file hash cache (C:\Users\Personal\.gradle\caches\4.1\fileHashes)" [_thread_blocked, id=10176, stack(0x000000003efe0000,0x000000003f0e0000)]
  0x000000003c1e8000 JavaThread "Stdin handler" [_thread_blocked, id=9448, stack(0x000000003eee0000,0x000000003efe0000)]
  0x000000003c1e7000 JavaThread "Asynchronous log dispatcher for DefaultDaemonConnection: socket connection from /127.0.0.1:63323 to /127.0.0.1:63324" [_thread_blocked, id=11464, stack(0x000000003ede0000,0x000000003eee0000)]
  0x000000003dc03000 JavaThread "Daemon worker" [_thread_in_Java, id=8888, stack(0x000000003ece0000,0x000000003ede0000)]
  0x000000003dc00800 JavaThread "Cancel handler" [_thread_blocked, id=13136, stack(0x000000003ebe0000,0x000000003ece0000)]
  0x000000003c329000 JavaThread "Handler for socket connection from /127.0.0.1:63323 to /127.0.0.1:63324" [_thread_in_native, id=10544, stack(0x000000003e8e0000,0x000000003e9e0000)]
  0x000000003c328000 JavaThread "Daemon" [_thread_blocked, id=12636, stack(0x000000003e7e0000,0x000000003e8e0000)]
  0x000000003d45b800 JavaThread "Daemon periodic checks" [_thread_blocked, id=15188, stack(0x000000003e6e0000,0x000000003e7e0000)]
  0x000000003d6e3800 JavaThread "Incoming local TCP Connector on port 63323" [_thread_in_native, id=2292, stack(0x000000003e5e0000,0x000000003e6e0000)]
  0x000000003d55a800 JavaThread "Daemon health stats" [_thread_blocked, id=13288, stack(0x000000003dfa0000,0x000000003e0a0000)]
  0x000000003a65a800 JavaThread "Service Thread" daemon [_thread_blocked, id=13788, stack(0x000000003c470000,0x000000003c570000)]
  0x000000003a60b800 JavaThread "C1 CompilerThread2" daemon [_thread_blocked, id=7480, stack(0x000000003bf70000,0x000000003c070000)]
=>0x000000003a604800 JavaThread "C2 CompilerThread1" daemon [_thread_in_native, id=13088, stack(0x000000003be70000,0x000000003bf70000)]
  0x000000003a600800 JavaThread "C2 CompilerThread0" daemon [_thread_in_native, id=15276, stack(0x000000003bd70000,0x000000003be70000)]
  0x000000003a5ff000 JavaThread "Attach Listener" daemon [_thread_blocked, id=13640, stack(0x000000003bc70000,0x000000003bd70000)]
  0x000000003a5fe000 JavaThread "Signal Dispatcher" daemon [_thread_blocked, id=12368, stack(0x000000003bb70000,0x000000003bc70000)]
  0x000000003a5ea800 JavaThread "Finalizer" daemon [_thread_blocked, id=6684, stack(0x000000003b860000,0x000000003b960000)]
  0x0000000004ddf800 JavaThread "Reference Handler" daemon [_thread_blocked, id=5452, stack(0x000000003b760000,0x000000003b860000)]
  0x0000000004bee000 JavaThread "main" [_thread_blocked, id=4544, stack(0x0000000004bf0000,0x0000000004cf0000)]

Other Threads:
  0x000000003a5c8800 VMThread [stack: 0x000000003b660000,0x000000003b760000] [id=13040]
  0x000000003c0a2000 WatcherThread [stack: 0x000000003c6d0000,0x000000003c7d0000] [id=12816]

VM state:not at safepoint (normal execution)

VM Mutex/Monitor currently owned by a thread: None

Heap:
 PSYoungGen      total 115200K, used 45936K [0x000000066ab00000, 0x0000000674780000, 0x00000007c0000000)
  eden space 99328K, 32% used [0x000000066ab00000,0x000000066ca57848,0x0000000670c00000)
  from space 15872K, 87% used [0x0000000670c00000,0x00000006719849a8,0x0000000671b80000)
  to   space 17408K, 0% used [0x0000000673680000,0x0000000673680000,0x0000000674780000)
 ParOldGen       total 85504K, used 25579K [0x00000003c0000000, 0x00000003c5380000, 0x000000066ab00000)
  object space 85504K, 29% used [0x00000003c0000000,0x00000003c18fae20,0x00000003c5380000)
 Metaspace       used 51531K, capacity 53526K, committed 53800K, reserved 1095680K
  class space    used 7145K, capacity 7651K, committed 7728K, reserved 1048576K

Card table byte_map: [0x00000000141b0000,0x00000000161c0000] byte_map_base: 0x00000000123b0000

Marking Bits: (ParMarkBitMap*) 0x00000000556bd850
 Begin Bits: [0x0000000017b20000, 0x0000000027b20000)
 End Bits:   [0x0000000027b20000, 0x0000000037b20000)

Polling page: 0x00000000034f0000

CodeCache: size=245760Kb used=19897Kb max_used=19897Kb free=225862Kb
 bounds [0x0000000004df0000, 0x0000000006180000, 0x0000000013df0000]
 total_blobs=6329 nmethods=5560 adapters=682
 compilation: enabled

Compilation events (10 events):
Event: 31.118 Thread 0x000000003a60b800 6130       3       com.google.common.primitives.Ints::saturatedCast (25 bytes)
Event: 31.119 Thread 0x000000003a60b800 nmethod 6130 0x000000000616f990 code [0x000000000616fae0, 0x000000000616fcd0]
Event: 31.120 Thread 0x000000003a60b800 6131       3       com.google.common.collect.RegularImmutableSet::iterator (5 bytes)
Event: 31.121 Thread 0x000000003a60b800 nmethod 6131 0x000000000616fd50 code [0x000000000616fec0, 0x00000000061701a8]
Event: 31.121 Thread 0x000000003a60b800 6132       3       com.google.common.collect.ImmutableList$Builder::add (8 bytes)
Event: 31.122 Thread 0x000000003a60b800 nmethod 6132 0x00000000061702d0 code [0x00000000061704a0, 0x0000000006170b68]
Event: 31.124 Thread 0x000000003a60b800 6133       3       org.gradle.api.internal.tasks.DefaultTaskInputPropertySpec::withPropertyName (7 bytes)
Event: 31.124 Thread 0x000000003a60b800 nmethod 6133 0x0000000006170f90 code [0x0000000006171100, 0x0000000006171328]
Event: 31.127 Thread 0x000000003a60b800 6134       3       org.gradle.api.internal.file.BaseDirFileResolver::<init> (46 bytes)
Event: 31.128 Thread 0x000000003a60b800 nmethod 6134 0x00000000061713d0 code [0x0000000006171540, 0x0000000006171788]

GC Heap History (10 events):
Event: 16.437 GC heap before
{Heap before GC invocations=11 (full 2):
 PSYoungGen      total 76800K, used 9204K [0x000000066ab00000, 0x0000000671900000, 0x00000007c0000000)
  eden space 66560K, 0% used [0x000000066ab00000,0x000000066ab00000,0x000000066ec00000)
  from space 10240K, 89% used [0x000000066ec00000,0x000000066f4fd220,0x000000066f600000)
  to   space 11264K, 0% used [0x0000000670e00000,0x0000000670e00000,0x0000000671900000)
 ParOldGen       total 54272K, used 8102K [0x00000003c0000000, 0x00000003c3500000, 0x000000066ab00000)
  object space 54272K, 14% used [0x00000003c0000000,0x00000003c07e9b50,0x00000003c3500000)
 Metaspace       used 34881K, capacity 35420K, committed 35496K, reserved 1079296K
  class space    used 4862K, capacity 5038K, committed 5040K, reserved 1048576K
Event: 16.641 GC heap after
Heap after GC invocations=11 (full 2):
 PSYoungGen      total 76800K, used 0K [0x000000066ab00000, 0x0000000671900000, 0x00000007c0000000)
  eden space 66560K, 0% used [0x000000066ab00000,0x000000066ab00000,0x000000066ec00000)
  from space 10240K, 0% used [0x000000066ec00000,0x000000066ec00000,0x000000066f600000)
  to   space 11264K, 0% used [0x0000000670e00000,0x0000000670e00000,0x0000000671900000)
 ParOldGen       total 85504K, used 15593K [0x00000003c0000000, 0x00000003c5380000, 0x000000066ab00000)
  object space 85504K, 18% used [0x00000003c0000000,0x00000003c0f3a420,0x00000003c5380000)
 Metaspace       used 34881K, capacity 35420K, committed 35496K, reserved 1079296K
  class space    used 4862K, capacity 5038K, committed 5040K, reserved 1048576K
}
Event: 18.747 GC heap before
{Heap before GC invocations=12 (full 2):
 PSYoungGen      total 76800K, used 66560K [0x000000066ab00000, 0x0000000671900000, 0x00000007c0000000)
  eden space 66560K, 100% used [0x000000066ab00000,0x000000066ec00000,0x000000066ec00000)
  from space 10240K, 0% used [0x000000066ec00000,0x000000066ec00000,0x000000066f600000)
  to   space 11264K, 0% used [0x0000000670e00000,0x0000000670e00000,0x0000000671900000)
 ParOldGen       total 85504K, used 15593K [0x00000003c0000000, 0x00000003c5380000, 0x000000066ab00000)
  object space 85504K, 18% used [0x00000003c0000000,0x00000003c0f3a420,0x00000003c5380000)
 Metaspace       used 38425K, capacity 39080K, committed 39336K, reserved 1083392K
  class space    used 5278K, capacity 5476K, committed 5552K, reserved 1048576K
Event: 18.768 GC heap after
Heap after GC invocations=12 (full 2):
 PSYoungGen      total 90112K, used 6771K [0x000000066ab00000, 0x0000000671500000, 0x00000007c0000000)
  eden space 82944K, 0% used [0x000000066ab00000,0x000000066ab00000,0x000000066fc00000)
  from space 7168K, 94% used [0x0000000670e00000,0x000000067149cec0,0x0000000671500000)
  to   space 10752K, 0% used [0x0000000670000000,0x0000000670000000,0x0000000670a80000)
 ParOldGen       total 85504K, used 15601K [0x00000003c0000000, 0x00000003c5380000, 0x000000066ab00000)
  object space 85504K, 18% used [0x00000003c0000000,0x00000003c0f3c420,0x00000003c5380000)
 Metaspace       used 38425K, capacity 39080K, committed 39336K, reserved 1083392K
  class space    used 5278K, capacity 5476K, committed 5552K, reserved 1048576K
}
Event: 24.229 GC heap before
{Heap before GC invocations=13 (full 2):
 PSYoungGen      total 90112K, used 89715K [0x000000066ab00000, 0x0000000671500000, 0x00000007c0000000)
  eden space 82944K, 100% used [0x000000066ab00000,0x000000066fc00000,0x000000066fc00000)
  from space 7168K, 94% used [0x0000000670e00000,0x000000067149cec0,0x0000000671500000)
  to   space 10752K, 0% used [0x0000000670000000,0x0000000670000000,0x0000000670a80000)
 ParOldGen       total 85504K, used 15601K [0x00000003c0000000, 0x00000003c5380000, 0x000000066ab00000)
  object space 85504K, 18% used [0x00000003c0000000,0x00000003c0f3c420,0x00000003c5380000)
 Metaspace       used 41047K, capacity 42352K, committed 42536K, reserved 1085440K
  class space    used 5714K, capacity 6082K, committed 6192K, reserved 1048576K
Event: 24.261 GC heap after
Heap after GC invocations=13 (full 2):
 PSYoungGen      total 97792K, used 10732K [0x000000066ab00000, 0x0000000672880000, 0x00000007c0000000)
  eden space 87040K, 0% used [0x000000066ab00000,0x000000066ab00000,0x0000000670000000)
  from space 10752K, 99% used [0x0000000670000000,0x0000000670a7b2f0,0x0000000670a80000)
  to   space 13312K, 0% used [0x0000000671b80000,0x0000000671b80000,0x0000000672880000)
 ParOldGen       total 85504K, used 19191K [0x00000003c0000000, 0x00000003c5380000, 0x000000066ab00000)
  object space 85504K, 22% used [0x00000003c0000000,0x00000003c12bdc60,0x00000003c5380000)
 Metaspace       used 41047K, capacity 42352K, committed 42536K, reserved 1085440K
  class space    used 5714K, capacity 6082K, committed 6192K, reserved 1048576K
}
Event: 27.550 GC heap before
{Heap before GC invocations=14 (full 2):
 PSYoungGen      total 97792K, used 97772K [0x000000066ab00000, 0x0000000672880000, 0x00000007c0000000)
  eden space 87040K, 100% used [0x000000066ab00000,0x0000000670000000,0x0000000670000000)
  from space 10752K, 99% used [0x0000000670000000,0x0000000670a7b2f0,0x0000000670a80000)
  to   space 13312K, 0% used [0x0000000671b80000,0x0000000671b80000,0x0000000672880000)
 ParOldGen       total 85504K, used 19191K [0x00000003c0000000, 0x00000003c5380000, 0x000000066ab00000)
  object space 85504K, 22% used [0x00000003c0000000,0x00000003c12bdc60,0x00000003c5380000)
 Metaspace       used 46942K, capacity 48266K, committed 48424K, reserved 1091584K
  class space    used 6475K, capacity 6865K, committed 6960K, reserved 1048576K
Event: 27.610 GC heap after
Heap after GC invocations=14 (full 2):
 PSYoungGen      total 112640K, used 13299K [0x000000066ab00000, 0x0000000673480000, 0x00000007c0000000)
  eden space 99328K, 0% used [0x000000066ab00000,0x000000066ab00000,0x0000000670c00000)
  from space 13312K, 99% used [0x0000000671b80000,0x000000067287ccd8,0x0000000672880000)
  to   space 15872K, 0% used [0x0000000670c00000,0x0000000670c00000,0x0000000671b80000)
 ParOldGen       total 85504K, used 21363K [0x00000003c0000000, 0x00000003c5380000, 0x000000066ab00000)
  object space 85504K, 24% used [0x00000003c0000000,0x00000003c14dcf68,0x00000003c5380000)
 Metaspace       used 46942K, capacity 48266K, committed 48424K, reserved 1091584K
  class space    used 6475K, capacity 6865K, committed 6960K, reserved 1048576K
}
Event: 29.807 GC heap before
{Heap before GC invocations=15 (full 2):
 PSYoungGen      total 112640K, used 112627K [0x000000066ab00000, 0x0000000673480000, 0x00000007c0000000)
  eden space 99328K, 100% used [0x000000066ab00000,0x0000000670c00000,0x0000000670c00000)
  from space 13312K, 99% used [0x0000000671b80000,0x000000067287ccd8,0x0000000672880000)
  to   space 15872K, 0% used [0x0000000670c00000,0x0000000670c00000,0x0000000671b80000)
 ParOldGen       total 85504K, used 21363K [0x00000003c0000000, 0x00000003c5380000, 0x000000066ab00000)
  object space 85504K, 24% used [0x00000003c0000000,0x00000003c14dcf68,0x00000003c5380000)
 Metaspace       used 49578K, capacity 51342K, committed 51624K, reserved 1093632K
  class space    used 6838K, capacity 7291K, committed 7344K, reserved 1048576K
Event: 29.843 GC heap after
Heap after GC invocations=15 (full 2):
 PSYoungGen      total 115200K, used 13842K [0x000000066ab00000, 0x0000000674780000, 0x00000007c0000000)
  eden space 99328K, 0% used [0x000000066ab00000,0x000000066ab00000,0x0000000670c00000)
  from space 15872K, 87% used [0x0000000670c00000,0x00000006719849a8,0x0000000671b80000)
  to   space 17408K, 0% used [0x0000000673680000,0x0000000673680000,0x0000000674780000)
 ParOldGen       total 85504K, used 25579K [0x00000003c0000000, 0x00000003c5380000, 0x000000066ab00000)
  object space 85504K, 29% used [0x00000003c0000000,0x00000003c18fae20,0x00000003c5380000)
 Metaspace       used 49578K, capacity 51342K, committed 51624K, reserved 1093632K
  class space    used 6838K, capacity 7291K, committed 7344K, reserved 1048576K
}

Deoptimization events (10 events):
Event: 29.796 Thread 0x000000003dc03000 Uncommon trap: reason=array_check action=maybe_recompile pc=0x00000000060526cc method=java.util.AbstractCollection.toArray([Ljava/lang/Object;)[Ljava/lang/Object; @ 119
Event: 29.801 Thread 0x000000003dc03000 Uncommon trap: reason=array_check action=maybe_recompile pc=0x00000000060526cc method=java.util.AbstractCollection.toArray([Ljava/lang/Object;)[Ljava/lang/Object; @ 119
Event: 29.801 Thread 0x000000003dc03000 Uncommon trap: reason=array_check action=maybe_recompile pc=0x00000000060526cc method=java.util.AbstractCollection.toArray([Ljava/lang/Object;)[Ljava/lang/Object; @ 119
Event: 29.801 Thread 0x000000003dc03000 Uncommon trap: reason=array_check action=maybe_recompile pc=0x00000000060526cc method=java.util.AbstractCollection.toArray([Ljava/lang/Object;)[Ljava/lang/Object; @ 119
Event: 29.888 Thread 0x000000003dc03000 Uncommon trap: reason=unstable_if action=reinterpret pc=0x0000000005d55eb4 method=java.util.regex.Pattern$GroupTail.match(Ljava/util/regex/Matcher;ILjava/lang/CharSequence;)Z @ 73
Event: 30.377 Thread 0x000000003dc03000 Uncommon trap: reason=unstable_if action=reinterpret pc=0x0000000005d56324 method=java.util.regex.Pattern$LastNode.match(Ljava/util/regex/Matcher;ILjava/lang/CharSequence;)Z @ 13
Event: 30.377 Thread 0x000000003dc03000 Uncommon trap: reason=unstable_if action=reinterpret pc=0x000000000603ae60 method=java.util.regex.Pattern$Branch.match(Ljava/util/regex/Matcher;ILjava/lang/CharSequence;)Z @ 35
Event: 30.716 Thread 0x000000003dc03000 Uncommon trap: reason=unstable_if action=reinterpret pc=0x00000000055f9838 method=org.objectweb.asm.Type.getArgumentsAndReturnSizes(Ljava/lang/String;)I @ 47
Event: 30.716 Thread 0x000000003dc03000 Uncommon trap: reason=unstable_if action=reinterpret pc=0x000000000563eae8 method=org.objectweb.asm.Type.getArgumentsAndReturnSizes(Ljava/lang/String;)I @ 47
Event: 30.833 Thread 0x000000003dc03000 Uncommon trap: reason=unstable_if action=reinterpret pc=0x0000000005baab64 method=java.util.TreeMap.put(Ljava/lang/Object;Ljava/lang/Object;)Ljava/lang/Object; @ 163

Internal exceptions (10 events):
Event: 30.316 Thread 0x000000003dc03000 Exception <a 'java/lang/ClassNotFoundException': org/gradle/api/tasks/compile/AbstractCompileBeanInfo> (0x000000066b6a14c8) thrown at [C:\re\workspace\8-2-build-windows-amd64-cygwin\jdk8u144\9417\hotspot\src\share\vm\classfile\systemDictionary.cpp, line 2
Event: 30.318 Thread 0x000000003dc03000 Exception <a 'java/lang/ClassNotFoundException': org/gradle/api/tasks/SourceTaskBeanInfo> (0x000000066b6b1228) thrown at [C:\re\workspace\8-2-build-windows-amd64-cygwin\jdk8u144\9417\hotspot\src\share\vm\classfile\systemDictionary.cpp, line 210]
Event: 30.319 Thread 0x000000003dc03000 Exception <a 'java/lang/ClassNotFoundException': org/gradle/api/tasks/SourceTaskCustomizer> (0x000000066b6c13b8) thrown at [C:\re\workspace\8-2-build-windows-amd64-cygwin\jdk8u144\9417\hotspot\src\share\vm\classfile\systemDictionary.cpp, line 210]
Event: 30.322 Thread 0x000000003dc03000 Exception <a 'java/lang/ClassNotFoundException': org/gradle/api/tasks/compile/AbstractCompileCustomizer> (0x000000066b710520) thrown at [C:\re\workspace\8-2-build-windows-amd64-cygwin\jdk8u144\9417\hotspot\src\share\vm\classfile\systemDictionary.cpp, line
Event: 30.325 Thread 0x000000003dc03000 Exception <a 'java/lang/ClassNotFoundException': org/gradle/api/tasks/compile/JavaCompileCustomizer> (0x000000066b74d920) thrown at [C:\re\workspace\8-2-build-windows-amd64-cygwin\jdk8u144\9417\hotspot\src\share\vm\classfile\systemDictionary.cpp, line 210
Event: 30.334 Thread 0x000000003dc03000 Exception <a 'java/lang/ClassNotFoundException': com/android/build/gradle/tasks/factory/AndroidJavaCompileCustomizer> (0x000000066b7852d0) thrown at [C:\re\workspace\8-2-build-windows-amd64-cygwin\jdk8u144\9417\hotspot\src\share\vm\classfile\systemDiction
Event: 30.337 Thread 0x000000003dc03000 Exception <a 'java/lang/ClassNotFoundException': com/android/build/gradle/tasks/factory/AndroidJavaCompile_DecoratedCustomizer> (0x000000066b7b5fb0) thrown at [C:\re\workspace\8-2-build-windows-amd64-cygwin\jdk8u144\9417\hotspot\src\share\vm\classfile\sys
Event: 30.569 Thread 0x000000003dc03000 Exception <a 'java/lang/NoSuchMethodError': java.lang.Object.lambda$static$0(Ljava/util/Set;Ljava/util/Set;)Z> (0x000000066bc5cfe8) thrown at [C:\re\workspace\8-2-build-windows-amd64-cygwin\jdk8u144\9417\hotspot\src\share\vm\interpreter\linkResolver.cpp, 
Event: 30.570 Thread 0x000000003dc03000 Exception <a 'java/lang/NoSuchMethodError': java.lang.Object.lambda$static$1(Ljava/util/Set;Ljava/util/Set;)Z> (0x000000066bc5fd70) thrown at [C:\re\workspace\8-2-build-windows-amd64-cygwin\jdk8u144\9417\hotspot\src\share\vm\interpreter\linkResolver.cpp, 
Event: 30.571 Thread 0x000000003dc03000 Exception <a 'java/lang/NoSuchMethodError': java.lang.Object.lambda$static$2(Ljava/util/Set;Ljava/util/Set;)Z> (0x000000066bc626c8) thrown at [C:\re\workspace\8-2-build-windows-amd64-cygwin\jdk8u144\9417\hotspot\src\share\vm\interpreter\linkResolver.cpp, 

Events (10 events):
Event: 31.038 loading class com/android/builder/core/VariantConfiguration
Event: 31.038 loading class com/android/builder/core/VariantConfiguration done
Event: 31.039 loading class com/android/builder/core/VariantConfiguration
Event: 31.039 loading class com/android/builder/core/VariantConfiguration done
Event: 31.040 loading class com/android/builder/core/VariantConfiguration
Event: 31.040 loading class com/android/builder/core/VariantConfiguration done
Event: 31.041 loading class com/android/builder/core/VariantConfiguration
Event: 31.041 loading class com/android/builder/core/VariantConfiguration done
Event: 31.043 loading class com/android/builder/core/VariantConfiguration
Event: 31.043 loading class com/android/builder/core/VariantConfiguration done


Dynamic libraries:
0x00007ff70e770000 - 0x00007ff70e7a7000 	C:\Program Files\Java\jdk1.8.0_144\bin\java.exe
0x00007ffc6a020000 - 0x00007ffc6a200000 	C:\WINDOWS\SYSTEM32\ntdll.dll
0x00007ffc696d0000 - 0x00007ffc6977e000 	C:\WINDOWS\System32\KERNEL32.DLL
0x00007ffc66940000 - 0x00007ffc66ba6000 	C:\WINDOWS\System32\KERNELBASE.dll
0x00007ffc69900000 - 0x00007ffc699a1000 	C:\WINDOWS\System32\ADVAPI32.dll
0x00007ffc697b0000 - 0x00007ffc6984d000 	C:\WINDOWS\System32\msvcrt.dll
0x00007ffc67dd0000 - 0x00007ffc67e2b000 	C:\WINDOWS\System32\sechost.dll
0x00007ffc69cd0000 - 0x00007ffc69def000 	C:\WINDOWS\System32\RPCRT4.dll
0x00007ffc69df0000 - 0x00007ffc69f7f000 	C:\WINDOWS\System32\USER32.dll
0x00007ffc66c50000 - 0x00007ffc66c70000 	C:\WINDOWS\System32\win32u.dll
0x00007ffc67be0000 - 0x00007ffc67c08000 	C:\WINDOWS\System32\GDI32.dll
0x00007ffc666a0000 - 0x00007ffc66833000 	C:\WINDOWS\System32\gdi32full.dll
0x00007ffc66bb0000 - 0x00007ffc66c4b000 	C:\WINDOWS\System32\msvcp_win.dll
0x00007ffc66840000 - 0x00007ffc66936000 	C:\WINDOWS\System32\ucrtbase.dll
0x00007ffc54aa0000 - 0x00007ffc54d09000 	C:\WINDOWS\WinSxS\amd64_microsoft.windows.common-controls_6595b64144ccf1df_6.0.16299.371_none_15c7d1789365a290\COMCTL32.dll
0x00007ffc699b0000 - 0x00007ffc69cb8000 	C:\WINDOWS\System32\combase.dll
0x00007ffc67470000 - 0x00007ffc674e2000 	C:\WINDOWS\System32\bcryptPrimitives.dll
0x00007ffc69780000 - 0x00007ffc697ad000 	C:\WINDOWS\System32\IMM32.DLL
0x0000000055740000 - 0x0000000055812000 	C:\Program Files\Java\jdk1.8.0_144\jre\bin\msvcr100.dll
0x0000000054ea0000 - 0x000000005573d000 	C:\Program Files\Java\jdk1.8.0_144\jre\bin\server\jvm.dll
0x00007ffc698f0000 - 0x00007ffc698f8000 	C:\WINDOWS\System32\PSAPI.DLL
0x00007ffc63410000 - 0x00007ffc63433000 	C:\WINDOWS\SYSTEM32\WINMM.dll
0x00007ffc4f1c0000 - 0x00007ffc4f1c9000 	C:\WINDOWS\SYSTEM32\WSOCK32.dll
0x00007ffc67e90000 - 0x00007ffc67efc000 	C:\WINDOWS\System32\WS2_32.dll
0x00007ffc605f0000 - 0x00007ffc605fa000 	C:\WINDOWS\SYSTEM32\VERSION.dll
0x00007ffc633e0000 - 0x00007ffc6340a000 	C:\WINDOWS\SYSTEM32\winmmbase.dll
0x00007ffc66c70000 - 0x00007ffc66cba000 	C:\WINDOWS\System32\cfgmgr32.dll
0x0000000057630000 - 0x000000005763f000 	C:\Program Files\Java\jdk1.8.0_144\jre\bin\verify.dll
0x0000000057600000 - 0x0000000057629000 	C:\Program Files\Java\jdk1.8.0_144\jre\bin\java.dll
0x0000000054e80000 - 0x0000000054e96000 	C:\Program Files\Java\jdk1.8.0_144\jre\bin\zip.dll
0x00007ffc67fb0000 - 0x00007ffc693e6000 	C:\WINDOWS\System32\SHELL32.dll
0x00007ffc67f00000 - 0x00007ffc67fa6000 	C:\WINDOWS\System32\shcore.dll
0x00007ffc66d20000 - 0x00007ffc67467000 	C:\WINDOWS\System32\windows.storage.dll
0x00007ffc69f90000 - 0x00007ffc69fe1000 	C:\WINDOWS\System32\shlwapi.dll
0x00007ffc66370000 - 0x00007ffc66381000 	C:\WINDOWS\System32\kernel.appcore.dll
0x00007ffc663d0000 - 0x00007ffc6641c000 	C:\WINDOWS\System32\powrprof.dll
0x00007ffc663b0000 - 0x00007ffc663cb000 	C:\WINDOWS\System32\profapi.dll
0x0000000054e60000 - 0x0000000054e7a000 	C:\Program Files\Java\jdk1.8.0_144\jre\bin\net.dll
0x00007ffc65ba0000 - 0x00007ffc65c06000 	C:\WINDOWS\system32\mswsock.dll
0x0000000054e40000 - 0x0000000054e51000 	C:\Program Files\Java\jdk1.8.0_144\jre\bin\nio.dll
0x00007ffc62610000 - 0x00007ffc6262e000 	C:\Users\Personal\.gradle\native\25\windows-amd64\native-platform.dll
0x0000000054e30000 - 0x0000000054e3d000 	C:\Program Files\Java\jdk1.8.0_144\jre\bin\management.dll
0x00007ffc65d60000 - 0x00007ffc65d77000 	C:\WINDOWS\SYSTEM32\CRYPTSP.dll
0x00007ffc657a0000 - 0x00007ffc657d3000 	C:\WINDOWS\system32\rsaenh.dll
0x00007ffc65e70000 - 0x00007ffc65e95000 	C:\WINDOWS\SYSTEM32\bcrypt.dll
0x00007ffc662a0000 - 0x00007ffc662c9000 	C:\WINDOWS\SYSTEM32\USERENV.dll
0x00007ffc65d80000 - 0x00007ffc65d8b000 	C:\WINDOWS\SYSTEM32\CRYPTBASE.dll
0x00007ffc65930000 - 0x00007ffc65969000 	C:\WINDOWS\SYSTEM32\IPHLPAPI.DLL
0x00007ffc69f80000 - 0x00007ffc69f88000 	C:\WINDOWS\System32\NSI.dll
0x00007ffc5f630000 - 0x00007ffc5f646000 	C:\WINDOWS\SYSTEM32\dhcpcsvc6.DLL
0x00007ffc5f4f0000 - 0x00007ffc5f50a000 	C:\WINDOWS\SYSTEM32\dhcpcsvc.DLL

VM Arguments:
jvm_args: -Xmx16384M -Dfile.encoding=windows-1252 -Duser.country=CO -Duser.language=es -Duser.variant 
java_command: org.gradle.launcher.daemon.bootstrap.GradleDaemon 4.1
java_class_path (initial): C:\Users\Personal\.gradle\wrapper\dists\gradle-4.1-all\bzyivzo6n839fup2jbap0tjew\gradle-4.1\lib\gradle-launcher-4.1.jar
Launcher Type: SUN_STANDARD

Environment Variables:
JAVA_HOME=C:\Program Files\Java\jdk1.8.0_144
CLASSPATH=C:\Users\Personal\Desktop\ProyectosOscar\ProyectoMovil\VetsCol\platforms\android\\gradle\wrapper\gradle-wrapper.jar
PATH=C:\ProgramData\Oracle\Java\javapath;C:\Program Files (x86)\Common Files\Intel\Shared Files\cpp\bin\Intel64;C:\WINDOWS\system32;C:\WINDOWS;C:\WINDOWS\System32\Wbem;C:\WINDOWS\System32\WindowsPowerShell\v1.0\;C:\Program Files (x86)\AMD\ATI.ACE\Core-Static;C:\ProgramData\chocolatey\bin;C:\Program Files\Git\cmd;C:\Program Files\nodejs\;C:\Program Files (x86)\Bitvise SSH Client;C:\Program Files\PuTTY\;C:\Users\Personal\AppData\Local\Microsoft\WindowsApps;C:\Android\android-sdk\platform-tools;C:\Users\Personal\AppData\Local\GitHubDesktop\bin;C:\Kony\ImageMagick;C:\android-sdk\platform-tools;C:\android-sdk\tools;C:\Program Files\Java\jdk1.8.0_144\bin;C:\apache-ant-1.10.1\bin;C:\apache-ant-1.10.1\lib;;C:\Users\Personal\AppData\Local\Microsoft\WindowsApps;C:\Users\Personal\AppData\Roaming\npm;C:\Program Files\Microsoft VS Code\bin
USERNAME=Personal
OS=Windows_NT
PROCESSOR_IDENTIFIER=AMD64 Family 21 Model 96 Stepping 1, AuthenticAMD



---------------  S Y S T E M  ---------------

OS: Windows 10.0 , 64 bit Build 16299 (10.0.16299.15)

CPU:total 4 (initial active 4) (4 cores per cpu, 1 threads per core) family 21 model 96 stepping 1, cmov, cx8, fxsr, mmx, sse, sse2, sse3, ssse3, sse4.1, sse4.2, popcnt, avx, avx2, aes, clmul, mmxext, 3dnowpref, lzcnt, sse4a, tsc, tscinvbit, tscinv, bmi1

Memory: 4k page, physical 7277312k(2353844k free), swap 10901540k(4152k free)

vm_info: Java HotSpot(TM) 64-Bit Server VM (25.144-b01) for windows-amd64 JRE (1.8.0_144-b01), built on Jul 21 2017 21:57:33 by "java_re" with MS VC++ 10.0 (VS2010)

time: Sat Apr 28 20:26:18 2018
elapsed time: 31 seconds (0d 0h 0m 31s)

