#
# There is insufficient memory for the Java Runtime Environment to continue.
# Native memory allocation (malloc) failed to allocate 59216 bytes for Chunk::new
# Possible reasons:
#   The system is out of physical RAM or swap space
#   In 32 bit mode, the process size limit was hit
# Possible solutions:
#   Reduce memory load on the system
#   Increase physical memory or swap space
#   Check if swap backing store is full
#   Use 64 bit Java on a 64 bit OS
#   Decrease Java heap size (-Xmx/-Xms)
#   Decrease number of Java threads
#   Decrease Java thread stack sizes (-Xss)
#   Set larger code cache with -XX:ReservedCodeCacheSize=
# This output file may be truncated or incomplete.
#
#  Out of Memory Error (allocation.cpp:390), pid=10684, tid=0x00000000000033d0
#
# JRE version: Java(TM) SE Runtime Environment (8.0_144-b01) (build 1.8.0_144-b01)
# Java VM: Java HotSpot(TM) 64-Bit Server VM (25.144-b01 mixed mode windows-amd64 compressed oops)
# Failed to write core dump. Minidumps are not enabled by default on client versions of Windows
#

---------------  T H R E A D  ---------------

Current thread (0x000000003a3c3800):  JavaThread "C2 CompilerThread1" daemon [_thread_in_native, id=13264, stack(0x000000003bc40000,0x000000003bd40000)]

Stack: [0x000000003bc40000,0x000000003bd40000]
[error occurred during error reporting (printing stack bounds), id 0xc0000005]

Native frames: (J=compiled Java code, j=interpreted, Vv=VM code, C=native code)


Current CompileTask:
C2:5791098 14215   !   4       java.io.PrintStream::write (66 bytes)


---------------  P R O C E S S  ---------------

Java Threads: ( => current thread )
  0x000000003e055000 JavaThread "Forward streams with process: command 'C:\Program Files\Java\jdk1.8.0_144\bin\java.exe' Thread 3" [_thread_in_native, id=15320, stack(0x0000000056f20000,0x0000000057020000)]
  0x000000003e053000 JavaThread "Forward streams with process: command 'C:\Program Files\Java\jdk1.8.0_144\bin\java.exe' Thread 2" [_thread_in_native, id=5976, stack(0x0000000056e20000,0x0000000056f20000)]
  0x000000003e054800 JavaThread "Forward streams with process: command 'C:\Program Files\Java\jdk1.8.0_144\bin\java.exe'" [_thread_blocked, id=5244, stack(0x0000000056d20000,0x0000000056e20000)]
  0x000000003c935000 JavaThread "Run command 'C:\Program Files\Java\jdk1.8.0_144\bin\java.exe'" [_thread_in_native, id=12880, stack(0x0000000056b20000,0x0000000056c20000)]
  0x000000003c934800 JavaThread "Task worker for ':' Thread 3" [_thread_blocked, id=2480, stack(0x0000000056a20000,0x0000000056b20000)]
  0x000000003c933800 JavaThread "Task worker for ':' Thread 2" [_thread_blocked, id=2932, stack(0x0000000056920000,0x0000000056a20000)]
  0x000000003c933000 JavaThread "Task worker for ':'" [_thread_blocked, id=4540, stack(0x0000000056820000,0x0000000056920000)]
  0x000000003c932000 JavaThread "Cache worker for task history cache (C:\Users\Personal\Desktop\ProyectosOscar\ProyectoMovil\VetsCol\platforms\android\.gradle\4.1\taskHistory)" [_thread_blocked, id=5852, stack(0x0000000056720000,0x0000000056820000)]
  0x000000003c931800 JavaThread "Cache worker for file content cache (C:\Users\Personal\Desktop\ProyectosOscar\ProyectoMovil\VetsCol\platforms\android\.gradle\4.1\fileContent)" [_thread_blocked, id=9940, stack(0x0000000056620000,0x0000000056720000)]
  0x000000003c930800 JavaThread "build operations Thread 4" [_thread_blocked, id=13716, stack(0x0000000056520000,0x0000000056620000)]
  0x000000003c936000 JavaThread "build operations Thread 3" [_thread_blocked, id=12600, stack(0x0000000056420000,0x0000000056520000)]
  0x000000003c928000 JavaThread "build operations Thread 2" [_thread_blocked, id=6712, stack(0x0000000056320000,0x0000000056420000)]
  0x000000003c92f000 JavaThread "build operations" [_thread_blocked, id=12920, stack(0x0000000056220000,0x0000000056320000)]
  0x000000003c927800 JavaThread "Cache worker for Artifact transforms cache (C:\Users\Personal\.gradle\caches\transforms-1)" [_thread_blocked, id=1940, stack(0x0000000056120000,0x0000000056220000)]
  0x000000003c92e800 JavaThread "Cache worker for file hash cache (C:\Users\Personal\Desktop\ProyectosOscar\ProyectoMovil\VetsCol\platforms\android\.gradle\4.1\fileHashes)" [_thread_blocked, id=13992, stack(0x0000000056020000,0x0000000056120000)]
  0x000000003c926800 JavaThread "Stdin handler" [_thread_blocked, id=10584, stack(0x0000000055f20000,0x0000000056020000)]
  0x000000003c92d000 JavaThread "Asynchronous log dispatcher for DefaultDaemonConnection: socket connection from /127.0.0.1:57264 to /127.0.0.1:63237" [_thread_blocked, id=9340, stack(0x0000000055e20000,0x0000000055f20000)]
  0x000000003c92c000 JavaThread "Cancel handler" [_thread_blocked, id=13848, stack(0x0000000055d20000,0x0000000055e20000)]
  0x000000003c92d800 JavaThread "Handler for socket connection from /127.0.0.1:57264 to /127.0.0.1:63237" [_thread_in_native, id=11832, stack(0x0000000055c20000,0x0000000055d20000)]
  0x000000003e056000 JavaThread "Daemon worker Thread 5" [_thread_blocked, id=6056, stack(0x0000000053860000,0x0000000053960000)]
  0x000000003e057800 JavaThread "Daemon Thread 5" [_thread_blocked, id=10412, stack(0x0000000053560000,0x0000000053660000)]
  0x000000003dc3b000 JavaThread "Memory manager" [_thread_blocked, id=1532, stack(0x00000000438d0000,0x00000000439d0000)]
  0x000000003dc3b800 JavaThread "File lock request listener" [_thread_in_native, id=11776, stack(0x000000003fe80000,0x000000003ff80000)]
  0x000000003dc3e800 JavaThread "Cache worker for file hash cache (C:\Users\Personal\.gradle\caches\4.1\fileHashes)" [_thread_blocked, id=1644, stack(0x000000003fd80000,0x000000003fe80000)]
  0x000000003d5ab000 JavaThread "Daemon periodic checks" [_thread_blocked, id=12208, stack(0x000000003f480000,0x000000003f580000)]
  0x000000003d5aa800 JavaThread "Incoming local TCP Connector on port 57264" [_thread_in_native, id=5224, stack(0x000000003f380000,0x000000003f480000)]
  0x000000003d14c000 JavaThread "Daemon health stats" [_thread_blocked, id=12024, stack(0x000000003ed40000,0x000000003ee40000)]
  0x000000003be40800 JavaThread "Service Thread" daemon [_thread_blocked, id=14140, stack(0x000000003c240000,0x000000003c340000)]
  0x000000003a3cb800 JavaThread "C1 CompilerThread2" daemon [_thread_blocked, id=12360, stack(0x000000003bd40000,0x000000003be40000)]
=>0x000000003a3c3800 JavaThread "C2 CompilerThread1" daemon [_thread_in_native, id=13264, stack(0x000000003bc40000,0x000000003bd40000)]
  0x000000003a3c1000 JavaThread "C2 CompilerThread0" daemon [_thread_in_native, id=6000, stack(0x000000003bb40000,0x000000003bc40000)]
  0x000000003a3bf800 JavaThread "Attach Listener" daemon [_thread_blocked, id=14324, stack(0x000000003ba40000,0x000000003bb40000)]
  0x000000003a3be800 JavaThread "Signal Dispatcher" daemon [_thread_blocked, id=13936, stack(0x000000003b940000,0x000000003ba40000)]
  0x0000000004ba8800 JavaThread "Finalizer" daemon [_thread_blocked, id=13836, stack(0x000000003b630000,0x000000003b730000)]
  0x0000000004ba3000 JavaThread "Reference Handler" daemon [_thread_blocked, id=14424, stack(0x000000003b530000,0x000000003b630000)]
  0x00000000031fe000 JavaThread "main" [_thread_blocked, id=11420, stack(0x00000000049b0000,0x0000000004ab0000)]

Other Threads:
  0x000000003a388000 VMThread [stack: 0x000000003b430000,0x000000003b530000] [id=3380]
  0x000000003be72000 WatcherThread [stack: 0x000000003c4a0000,0x000000003c5a0000] [id=9048]

VM state:not at safepoint (normal execution)

VM Mutex/Monitor currently owned by a thread: None

Heap:
 PSYoungGen      total 473088K, used 399883K [0x000000066ab00000, 0x000000068d700000, 0x00000007c0000000)
  eden space 418816K, 88% used [0x000000066ab00000,0x00000006815de960,0x0000000684400000)
  from space 54272K, 52% used [0x0000000684400000,0x0000000685fa4390,0x0000000687900000)
  to   space 53248K, 0% used [0x000000068a300000,0x000000068a300000,0x000000068d700000)
 ParOldGen       total 134144K, used 103970K [0x00000003c0000000, 0x00000003c8300000, 0x000000066ab00000)
  object space 134144K, 77% used [0x00000003c0000000,0x00000003c6588a70,0x00000003c8300000)
 Metaspace       used 67437K, capacity 71270K, committed 71576K, reserved 1112064K
  class space    used 8971K, capacity 9792K, committed 9904K, reserved 1048576K

Card table byte_map: [0x0000000013f70000,0x0000000015f80000] byte_map_base: 0x0000000012170000

Marking Bits: (ParMarkBitMap*) 0x00000000556bd850
 Begin Bits: [0x00000000178e0000, 0x00000000278e0000)
 End Bits:   [0x00000000278e0000, 0x00000000378e0000)

Polling page: 0x0000000003170000

CodeCache: size=245760Kb used=38829Kb max_used=38969Kb free=206930Kb
 bounds [0x0000000004bb0000, 0x0000000007200000, 0x0000000013bb0000]
 total_blobs=12132 nmethods=11300 adapters=743
 compilation: enabled

Compilation events (10 events):
Event: 5780.083 Thread 0x000000003a3cb800 14212       3       com.google.common.base.Joiner::toString (24 bytes)
Event: 5780.084 Thread 0x000000003a3cb800 nmethod 14212 0x00000000054a0c90 code [0x00000000054a0e40, 0x00000000054a1418]
Event: 5780.085 Thread 0x000000003a3c3800 nmethod 14211 0x000000000541f890 code [0x000000000541f9e0, 0x000000000541fa98]
Event: 5789.365 Thread 0x000000003a3c1000 14213       4       org.gradle.internal.io.StreamByteBuffer::prepareRead (102 bytes)
Event: 5789.370 Thread 0x000000003a3c1000 nmethod 14213 0x000000000568e450 code [0x000000000568e5a0, 0x000000000568e738]
Event: 5789.372 Thread 0x000000003a3cb800 14214       3       org.gradle.internal.logging.services.TextStreamOutputEventListener::onTextEvent (44 bytes)
Event: 5789.372 Thread 0x000000003a3c3800 14215   !   4       java.io.PrintStream::write (66 bytes)
Event: 5789.373 Thread 0x000000003a3cb800 nmethod 14214 0x000000000541fe90 code [0x0000000005420080, 0x0000000005420be8]
Event: 5789.376 Thread 0x000000003a3c1000 14216       4       java.io.FilterOutputStream::write (9 bytes)
Event: 5789.381 Thread 0x000000003a3cb800 14218       3       org.gradle.internal.logging.events.StyledTextOutputEvent::render (55 bytes)

GC Heap History (10 events):
Event: 2146.344 GC heap before
{Heap before GC invocations=32 (full 3):
 PSYoungGen      total 379392K, used 359674K [0x000000066ab00000, 0x0000000684780000, 0x00000007c0000000)
  eden space 340480K, 100% used [0x000000066ab00000,0x000000067f780000,0x000000067f780000)
  from space 38912K, 49% used [0x0000000682180000,0x000000068343ea40,0x0000000684780000)
  to   space 40960K, 0% used [0x000000067f780000,0x000000067f780000,0x0000000681f80000)
 ParOldGen       total 134144K, used 103946K [0x00000003c0000000, 0x00000003c8300000, 0x000000066ab00000)
  object space 134144K, 77% used [0x00000003c0000000,0x00000003c6582a70,0x00000003c8300000)
 Metaspace       used 65756K, capacity 68748K, committed 68760K, reserved 1107968K
  class space    used 8728K, capacity 9388K, committed 9392K, reserved 1048576K
Event: 2146.376 GC heap after
Heap after GC invocations=32 (full 3):
 PSYoungGen      total 381440K, used 25376K [0x000000066ab00000, 0x0000000687580000, 0x00000007c0000000)
  eden space 340480K, 0% used [0x000000066ab00000,0x000000066ab00000,0x000000067f780000)
  from space 40960K, 61% used [0x000000067f780000,0x0000000681048380,0x0000000681f80000)
  to   space 41984K, 0% used [0x0000000684c80000,0x0000000684c80000,0x0000000687580000)
 ParOldGen       total 134144K, used 103954K [0x00000003c0000000, 0x00000003c8300000, 0x000000066ab00000)
  object space 134144K, 77% used [0x00000003c0000000,0x00000003c6584a70,0x00000003c8300000)
 Metaspace       used 65756K, capacity 68748K, committed 68760K, reserved 1107968K
  class space    used 8728K, capacity 9388K, committed 9392K, reserved 1048576K
}
Event: 5216.676 GC heap before
{Heap before GC invocations=33 (full 3):
 PSYoungGen      total 381440K, used 364863K [0x000000066ab00000, 0x0000000687580000, 0x00000007c0000000)
  eden space 340480K, 99% used [0x000000066ab00000,0x000000067f687bb8,0x000000067f780000)
  from space 40960K, 61% used [0x000000067f780000,0x0000000681048380,0x0000000681f80000)
  to   space 41984K, 0% used [0x0000000684c80000,0x0000000684c80000,0x0000000687580000)
 ParOldGen       total 134144K, used 103954K [0x00000003c0000000, 0x00000003c8300000, 0x000000066ab00000)
  object space 134144K, 77% used [0x00000003c0000000,0x00000003c6584a70,0x00000003c8300000)
 Metaspace       used 65981K, capacity 69040K, committed 69400K, reserved 1110016K
  class space    used 8733K, capacity 9394K, committed 9520K, reserved 1048576K
Event: 5216.998 GC heap after
Heap after GC invocations=33 (full 3):
 PSYoungGen      total 420352K, used 32986K [0x000000066ab00000, 0x0000000687580000, 0x00000007c0000000)
  eden space 378368K, 0% used [0x000000066ab00000,0x000000066ab00000,0x0000000681c80000)
  from space 41984K, 78% used [0x0000000684c80000,0x0000000686cb6bf8,0x0000000687580000)
  to   space 45568K, 0% used [0x0000000681c80000,0x0000000681c80000,0x0000000684900000)
 ParOldGen       total 134144K, used 103962K [0x00000003c0000000, 0x00000003c8300000, 0x000000066ab00000)
  object space 134144K, 77% used [0x00000003c0000000,0x00000003c6586a70,0x00000003c8300000)
 Metaspace       used 65981K, capacity 69040K, committed 69400K, reserved 1110016K
  class space    used 8733K, capacity 9394K, committed 9520K, reserved 1048576K
}
Event: 5222.537 GC heap before
{Heap before GC invocations=34 (full 3):
 PSYoungGen      total 420352K, used 411342K [0x000000066ab00000, 0x0000000687580000, 0x00000007c0000000)
  eden space 378368K, 99% used [0x000000066ab00000,0x0000000681c7ce00,0x0000000681c80000)
  from space 41984K, 78% used [0x0000000684c80000,0x0000000686cb6bf8,0x0000000687580000)
  to   space 45568K, 0% used [0x0000000681c80000,0x0000000681c80000,0x0000000684900000)
 ParOldGen       total 134144K, used 103962K [0x00000003c0000000, 0x00000003c8300000, 0x000000066ab00000)
  object space 134144K, 77% used [0x00000003c0000000,0x00000003c6586a70,0x00000003c8300000)
 Metaspace       used 66017K, capacity 69040K, committed 69400K, reserved 1110016K
  class space    used 8733K, capacity 9394K, committed 9520K, reserved 1048576K
Event: 5222.625 GC heap after
Heap after GC invocations=34 (full 3):
 PSYoungGen      total 423936K, used 42989K [0x000000066ab00000, 0x000000068ab80000, 0x00000007c0000000)
  eden space 378368K, 0% used [0x000000066ab00000,0x000000066ab00000,0x0000000681c80000)
  from space 45568K, 94% used [0x0000000681c80000,0x000000068467b6e0,0x0000000684900000)
  to   space 51712K, 0% used [0x0000000687900000,0x0000000687900000,0x000000068ab80000)
 ParOldGen       total 134144K, used 103962K [0x00000003c0000000, 0x00000003c8300000, 0x000000066ab00000)
  object space 134144K, 77% used [0x00000003c0000000,0x00000003c6586a70,0x00000003c8300000)
 Metaspace       used 66017K, capacity 69040K, committed 69400K, reserved 1110016K
  class space    used 8733K, capacity 9394K, committed 9520K, reserved 1048576K
}
Event: 5224.279 GC heap before
{Heap before GC invocations=35 (full 3):
 PSYoungGen      total 423936K, used 420888K [0x000000066ab00000, 0x000000068ab80000, 0x00000007c0000000)
  eden space 378368K, 99% used [0x000000066ab00000,0x0000000681c0aa50,0x0000000681c80000)
  from space 45568K, 94% used [0x0000000681c80000,0x000000068467b6e0,0x0000000684900000)
  to   space 51712K, 0% used [0x0000000687900000,0x0000000687900000,0x000000068ab80000)
 ParOldGen       total 134144K, used 103962K [0x00000003c0000000, 0x00000003c8300000, 0x000000066ab00000)
  object space 134144K, 77% used [0x00000003c0000000,0x00000003c6586a70,0x00000003c8300000)
 Metaspace       used 66045K, capacity 69104K, committed 69400K, reserved 1110016K
  class space    used 8733K, capacity 9394K, committed 9520K, reserved 1048576K
Event: 5224.337 GC heap after
Heap after GC invocations=35 (full 3):
 PSYoungGen      total 470528K, used 35852K [0x000000066ab00000, 0x000000068b880000, 0x00000007c0000000)
  eden space 418816K, 0% used [0x000000066ab00000,0x000000066ab00000,0x0000000684400000)
  from space 51712K, 69% used [0x0000000687900000,0x0000000689c03158,0x000000068ab80000)
  to   space 54272K, 0% used [0x0000000684400000,0x0000000684400000,0x0000000687900000)
 ParOldGen       total 134144K, used 103970K [0x00000003c0000000, 0x00000003c8300000, 0x000000066ab00000)
  object space 134144K, 77% used [0x00000003c0000000,0x00000003c6588a70,0x00000003c8300000)
 Metaspace       used 66045K, capacity 69104K, committed 69400K, reserved 1110016K
  class space    used 8733K, capacity 9394K, committed 9520K, reserved 1048576K
}
Event: 5229.380 GC heap before
{Heap before GC invocations=36 (full 3):
 PSYoungGen      total 470528K, used 454668K [0x000000066ab00000, 0x000000068b880000, 0x00000007c0000000)
  eden space 418816K, 100% used [0x000000066ab00000,0x0000000684400000,0x0000000684400000)
  from space 51712K, 69% used [0x0000000687900000,0x0000000689c03158,0x000000068ab80000)
  to   space 54272K, 0% used [0x0000000684400000,0x0000000684400000,0x0000000687900000)
 ParOldGen       total 134144K, used 103970K [0x00000003c0000000, 0x00000003c8300000, 0x000000066ab00000)
  object space 134144K, 77% used [0x00000003c0000000,0x00000003c6588a70,0x00000003c8300000)
 Metaspace       used 66049K, capacity 69104K, committed 69400K, reserved 1110016K
  class space    used 8733K, capacity 9394K, committed 9520K, reserved 1048576K
Event: 5229.428 GC heap after
Heap after GC invocations=36 (full 3):
 PSYoungGen      total 473088K, used 28304K [0x000000066ab00000, 0x000000068d700000, 0x00000007c0000000)
  eden space 418816K, 0% used [0x000000066ab00000,0x000000066ab00000,0x0000000684400000)
  from space 54272K, 52% used [0x0000000684400000,0x0000000685fa4390,0x0000000687900000)
  to   space 53248K, 0% used [0x000000068a300000,0x000000068a300000,0x000000068d700000)
 ParOldGen       total 134144K, used 103970K [0x00000003c0000000, 0x00000003c8300000, 0x000000066ab00000)
  object space 134144K, 77% used [0x00000003c0000000,0x00000003c6588a70,0x00000003c8300000)
 Metaspace       used 66049K, capacity 69104K, committed 69400K, reserved 1110016K
  class space    used 8733K, capacity 9394K, committed 9520K, reserved 1048576K
}

Deoptimization events (10 events):
Event: 5742.663 Thread 0x000000003c92c000 Uncommon trap: reason=array_check action=maybe_recompile pc=0x0000000006b2ce38 method=java.util.ComparableTimSort.binarySort([Ljava/lang/Object;III)V @ 183
Event: 5742.670 Thread 0x000000003c92c000 Uncommon trap: reason=array_check action=maybe_recompile pc=0x0000000006b2cd70 method=java.util.ComparableTimSort.binarySort([Ljava/lang/Object;III)V @ 193
Event: 5742.676 Thread 0x000000003c92c000 Uncommon trap: reason=array_check action=maybe_recompile pc=0x0000000006b2ccac method=java.util.ComparableTimSort.binarySort([Ljava/lang/Object;III)V @ 215
Event: 5751.098 Thread 0x000000003c92c000 Uncommon trap: reason=class_check action=maybe_recompile pc=0x00000000053f08cc method=java.lang.Throwable.<init>(Ljava/lang/String;Ljava/lang/Throwable;)V @ 24
Event: 5751.105 Thread 0x000000003e056000 Uncommon trap: reason=bimorphic action=maybe_recompile pc=0x00000000065c23e0 method=org.gradle.internal.logging.text.AbstractStyledTextOutput.text(Ljava/lang/Object;)Lorg/gradle/internal/logging/text/StyledTextOutput; @ 11
Event: 5774.728 Thread 0x000000003e056000 Uncommon trap: reason=predicate action=maybe_recompile pc=0x0000000005539258 method=sun.util.calendar.ZoneInfo.getTransitionIndex(JI)I @ 19
Event: 5774.765 Thread 0x000000003e056000 Uncommon trap: reason=array_check action=maybe_recompile pc=0x0000000006b2ce38 method=java.util.ComparableTimSort.binarySort([Ljava/lang/Object;III)V @ 183
Event: 5774.800 Thread 0x000000003e056000 Uncommon trap: reason=predicate action=maybe_recompile pc=0x0000000005538b1c method=sun.util.calendar.ZoneInfo.getTransitionIndex(JI)I @ 19
Event: 5777.744 Thread 0x000000003c92e800 Uncommon trap: reason=unstable_if action=reinterpret pc=0x000000000633f024 method=java.util.concurrent.locks.LockSupport.unpark(Ljava/lang/Thread;)V @ 1
Event: 5777.779 Thread 0x000000003c92f000 Uncommon trap: reason=unstable_if action=reinterpret pc=0x00000000065d20e0 method=java.util.ComparableTimSort.mergeLo(IIII)V @ 87

Internal exceptions (10 events):
Event: 5776.160 Thread 0x000000003e056000 Exception <a 'sun/nio/fs/WindowsException'> (0x000000067ace13c0) thrown at [C:\re\workspace\8-2-build-windows-amd64-cygwin\jdk8u144\9417\hotspot\src\share\vm\prims\jni.cpp, line 709]
Event: 5776.160 Thread 0x000000003e056000 Exception <a 'sun/nio/fs/WindowsException'> (0x000000067ace1f50) thrown at [C:\re\workspace\8-2-build-windows-amd64-cygwin\jdk8u144\9417\hotspot\src\share\vm\prims\jni.cpp, line 709]
Event: 5776.161 Thread 0x000000003e056000 Exception <a 'sun/nio/fs/WindowsException'> (0x000000067ace59e0) thrown at [C:\re\workspace\8-2-build-windows-amd64-cygwin\jdk8u144\9417\hotspot\src\share\vm\prims\jni.cpp, line 709]
Event: 5776.161 Thread 0x000000003e056000 Exception <a 'sun/nio/fs/WindowsException'> (0x000000067ace6598) thrown at [C:\re\workspace\8-2-build-windows-amd64-cygwin\jdk8u144\9417\hotspot\src\share\vm\prims\jni.cpp, line 709]
Event: 5776.161 Thread 0x000000003e056000 Exception <a 'sun/nio/fs/WindowsException'> (0x000000067ace8188) thrown at [C:\re\workspace\8-2-build-windows-amd64-cygwin\jdk8u144\9417\hotspot\src\share\vm\prims\jni.cpp, line 709]
Event: 5776.161 Thread 0x000000003e056000 Exception <a 'sun/nio/fs/WindowsException'> (0x000000067ace8d80) thrown at [C:\re\workspace\8-2-build-windows-amd64-cygwin\jdk8u144\9417\hotspot\src\share\vm\prims\jni.cpp, line 709]
Event: 5776.162 Thread 0x000000003e056000 Exception <a 'sun/nio/fs/WindowsException'> (0x000000067acebd50) thrown at [C:\re\workspace\8-2-build-windows-amd64-cygwin\jdk8u144\9417\hotspot\src\share\vm\prims\jni.cpp, line 709]
Event: 5776.162 Thread 0x000000003e056000 Exception <a 'sun/nio/fs/WindowsException'> (0x000000067acec6e0) thrown at [C:\re\workspace\8-2-build-windows-amd64-cygwin\jdk8u144\9417\hotspot\src\share\vm\prims\jni.cpp, line 709]
Event: 5776.162 Thread 0x000000003e056000 Exception <a 'sun/nio/fs/WindowsException'> (0x000000067acee140) thrown at [C:\re\workspace\8-2-build-windows-amd64-cygwin\jdk8u144\9417\hotspot\src\share\vm\prims\jni.cpp, line 709]
Event: 5776.162 Thread 0x000000003e056000 Exception <a 'sun/nio/fs/WindowsException'> (0x000000067aceeb90) thrown at [C:\re\workspace\8-2-build-windows-amd64-cygwin\jdk8u144\9417\hotspot\src\share\vm\prims\jni.cpp, line 709]

Events (10 events):
Event: 5780.290 Thread 0x000000003e055000 Thread added: 0x000000003e055000
Event: 5780.299 Executing VM operation: RevokeBias
Event: 5780.301 Executing VM operation: RevokeBias done
Event: 5780.301 Thread 0x000000003e050800 Thread exited: 0x000000003e050800
Event: 5780.301 Executing VM operation: RevokeBias
Event: 5780.302 Executing VM operation: RevokeBias done
Event: 5789.370 Thread 0x000000003a3c1000 flushing nmethod 0x0000000005797150
Event: 5789.370 Thread 0x000000003a3c1000 flushing nmethod 0x0000000005811490
Event: 5789.371 Thread 0x000000003a3c1000 flushing nmethod 0x0000000005919b90
Event: 5789.373 Thread 0x000000003a3cb800 flushing nmethod 0x0000000005a60190


Dynamic libraries:
0x00007ff70e770000 - 0x00007ff70e7a7000 	C:\Program Files\Java\jdk1.8.0_144\bin\java.exe
0x00007ffc6a020000 - 0x00007ffc6a200000 	C:\WINDOWS\SYSTEM32\ntdll.dll
0x00007ffc696d0000 - 0x00007ffc6977e000 	C:\WINDOWS\System32\KERNEL32.DLL
0x00007ffc66940000 - 0x00007ffc66ba6000 	C:\WINDOWS\System32\KERNELBASE.dll
0x00007ffc69900000 - 0x00007ffc699a1000 	C:\WINDOWS\System32\ADVAPI32.dll
0x00007ffc697b0000 - 0x00007ffc6984d000 	C:\WINDOWS\System32\msvcrt.dll
0x00007ffc67dd0000 - 0x00007ffc67e2b000 	C:\WINDOWS\System32\sechost.dll
0x00007ffc69cd0000 - 0x00007ffc69def000 	C:\WINDOWS\System32\RPCRT4.dll
0x00007ffc69df0000 - 0x00007ffc69f7f000 	C:\WINDOWS\System32\USER32.dll
0x00007ffc66c50000 - 0x00007ffc66c70000 	C:\WINDOWS\System32\win32u.dll
0x00007ffc67be0000 - 0x00007ffc67c08000 	C:\WINDOWS\System32\GDI32.dll
0x00007ffc666a0000 - 0x00007ffc66833000 	C:\WINDOWS\System32\gdi32full.dll
0x00007ffc66bb0000 - 0x00007ffc66c4b000 	C:\WINDOWS\System32\msvcp_win.dll
0x00007ffc66840000 - 0x00007ffc66936000 	C:\WINDOWS\System32\ucrtbase.dll
0x00007ffc54aa0000 - 0x00007ffc54d09000 	C:\WINDOWS\WinSxS\amd64_microsoft.windows.common-controls_6595b64144ccf1df_6.0.16299.371_none_15c7d1789365a290\COMCTL32.dll
0x00007ffc699b0000 - 0x00007ffc69cb8000 	C:\WINDOWS\System32\combase.dll
0x00007ffc67470000 - 0x00007ffc674e2000 	C:\WINDOWS\System32\bcryptPrimitives.dll
0x00007ffc69780000 - 0x00007ffc697ad000 	C:\WINDOWS\System32\IMM32.DLL
0x0000000055740000 - 0x0000000055812000 	C:\Program Files\Java\jdk1.8.0_144\jre\bin\msvcr100.dll
0x0000000054ea0000 - 0x000000005573d000 	C:\Program Files\Java\jdk1.8.0_144\jre\bin\server\jvm.dll
0x00007ffc698f0000 - 0x00007ffc698f8000 	C:\WINDOWS\System32\PSAPI.DLL
0x00007ffc4f1c0000 - 0x00007ffc4f1c9000 	C:\WINDOWS\SYSTEM32\WSOCK32.dll
0x00007ffc63410000 - 0x00007ffc63433000 	C:\WINDOWS\SYSTEM32\WINMM.dll
0x00007ffc605f0000 - 0x00007ffc605fa000 	C:\WINDOWS\SYSTEM32\VERSION.dll
0x00007ffc67e90000 - 0x00007ffc67efc000 	C:\WINDOWS\System32\WS2_32.dll
0x00007ffc633e0000 - 0x00007ffc6340a000 	C:\WINDOWS\SYSTEM32\winmmbase.dll
0x00007ffc66c70000 - 0x00007ffc66cba000 	C:\WINDOWS\System32\cfgmgr32.dll
0x0000000057630000 - 0x000000005763f000 	C:\Program Files\Java\jdk1.8.0_144\jre\bin\verify.dll
0x0000000057600000 - 0x0000000057629000 	C:\Program Files\Java\jdk1.8.0_144\jre\bin\java.dll
0x0000000054e80000 - 0x0000000054e96000 	C:\Program Files\Java\jdk1.8.0_144\jre\bin\zip.dll
0x00007ffc67fb0000 - 0x00007ffc693e6000 	C:\WINDOWS\System32\SHELL32.dll
0x00007ffc67f00000 - 0x00007ffc67fa6000 	C:\WINDOWS\System32\shcore.dll
0x00007ffc66d20000 - 0x00007ffc67467000 	C:\WINDOWS\System32\windows.storage.dll
0x00007ffc69f90000 - 0x00007ffc69fe1000 	C:\WINDOWS\System32\shlwapi.dll
0x00007ffc66370000 - 0x00007ffc66381000 	C:\WINDOWS\System32\kernel.appcore.dll
0x00007ffc663d0000 - 0x00007ffc6641c000 	C:\WINDOWS\System32\powrprof.dll
0x00007ffc663b0000 - 0x00007ffc663cb000 	C:\WINDOWS\System32\profapi.dll
0x0000000054e60000 - 0x0000000054e7a000 	C:\Program Files\Java\jdk1.8.0_144\jre\bin\net.dll
0x00007ffc65ba0000 - 0x00007ffc65c06000 	C:\WINDOWS\system32\mswsock.dll
0x0000000054e40000 - 0x0000000054e51000 	C:\Program Files\Java\jdk1.8.0_144\jre\bin\nio.dll
0x00007ffc62610000 - 0x00007ffc6262e000 	C:\Users\Personal\.gradle\native\25\windows-amd64\native-platform.dll
0x0000000054e30000 - 0x0000000054e3d000 	C:\Program Files\Java\jdk1.8.0_144\jre\bin\management.dll
0x00007ffc65d60000 - 0x00007ffc65d77000 	C:\WINDOWS\SYSTEM32\CRYPTSP.dll
0x00007ffc657a0000 - 0x00007ffc657d3000 	C:\WINDOWS\system32\rsaenh.dll
0x00007ffc65e70000 - 0x00007ffc65e95000 	C:\WINDOWS\SYSTEM32\bcrypt.dll
0x00007ffc662a0000 - 0x00007ffc662c9000 	C:\WINDOWS\SYSTEM32\USERENV.dll
0x00007ffc65d80000 - 0x00007ffc65d8b000 	C:\WINDOWS\SYSTEM32\CRYPTBASE.dll
0x00007ffc65930000 - 0x00007ffc65969000 	C:\WINDOWS\SYSTEM32\IPHLPAPI.DLL
0x00007ffc69f80000 - 0x00007ffc69f88000 	C:\WINDOWS\System32\NSI.dll
0x00007ffc5f630000 - 0x00007ffc5f646000 	C:\WINDOWS\SYSTEM32\dhcpcsvc6.DLL
0x00007ffc5f4f0000 - 0x00007ffc5f50a000 	C:\WINDOWS\SYSTEM32\dhcpcsvc.DLL
0x0000000054e00000 - 0x0000000054e24000 	C:\Program Files\Java\jdk1.8.0_144\jre\bin\sunec.dll
0x00007ffc65970000 - 0x00007ffc65a26000 	C:\WINDOWS\SYSTEM32\DNSAPI.dll
0x00007ffc5de60000 - 0x00007ffc5de6a000 	C:\Windows\System32\rasadhlp.dll
0x00007ffc5e260000 - 0x00007ffc5e2d0000 	C:\WINDOWS\System32\fwpuclnt.dll
0x0000000054df0000 - 0x0000000054dfb000 	C:\Program Files\Java\jdk1.8.0_144\jre\bin\sunmscapi.dll
0x00007ffc664d0000 - 0x00007ffc6669e000 	C:\WINDOWS\System32\CRYPT32.dll
0x00007ffc66390000 - 0x00007ffc663a2000 	C:\WINDOWS\System32\MSASN1.dll
0x00007ffc654a0000 - 0x00007ffc654d1000 	C:\WINDOWS\SYSTEM32\ntmarta.dll

VM Arguments:
jvm_args: -Xmx16384M -Dfile.encoding=windows-1252 -Duser.country=CO -Duser.language=es -Duser.variant 
java_command: org.gradle.launcher.daemon.bootstrap.GradleDaemon 4.1
java_class_path (initial): C:\Users\Personal\.gradle\wrapper\dists\gradle-4.1-all\bzyivzo6n839fup2jbap0tjew\gradle-4.1\lib\gradle-launcher-4.1.jar
Launcher Type: SUN_STANDARD

Environment Variables:
JAVA_HOME=C:\Program Files\Java\jdk1.8.0_144
CLASSPATH=C:\Users\Personal\Desktop\ProyectosOscar\ProyectoMovil\VetsCol\platforms\android\\gradle\wrapper\gradle-wrapper.jar
PATH=C:\ProgramData\Oracle\Java\javapath;C:\Program Files (x86)\Common Files\Intel\Shared Files\cpp\bin\Intel64;C:\WINDOWS\system32;C:\WINDOWS;C:\WINDOWS\System32\Wbem;C:\WINDOWS\System32\WindowsPowerShell\v1.0\;C:\Program Files (x86)\AMD\ATI.ACE\Core-Static;C:\ProgramData\chocolatey\bin;C:\Program Files\Git\cmd;C:\Program Files\nodejs\;C:\Program Files (x86)\Bitvise SSH Client;C:\Program Files\PuTTY\;C:\Users\Personal\AppData\Local\Microsoft\WindowsApps;C:\Android\android-sdk\platform-tools;C:\Users\Personal\AppData\Local\GitHubDesktop\bin;C:\Kony\ImageMagick;C:\android-sdk\platform-tools;C:\android-sdk\tools;C:\Program Files\Java\jdk1.8.0_144\bin;C:\apache-ant-1.10.1\bin;C:\apache-ant-1.10.1\lib;;C:\Users\Personal\AppData\Local\Microsoft\WindowsApps;C:\Users\Personal\AppData\Roaming\npm;C:\Program Files\Microsoft VS Code\bin
USERNAME=Personal
OS=Windows_NT
PROCESSOR_IDENTIFIER=AMD64 Family 21 Model 96 Stepping 1, AuthenticAMD



---------------  S Y S T E M  ---------------

OS: Windows 10.0 , 64 bit Build 16299 (10.0.16299.15)

CPU:total 4 (initial active 4) (4 cores per cpu, 1 threads per core) family 21 model 96 stepping 1, cmov, cx8, fxsr, mmx, sse, sse2, sse3, ssse3, sse4.1, sse4.2, popcnt, avx, avx2, aes, clmul, mmxext, 3dnowpref, lzcnt, sse4a, tsc, tscinvbit, tscinv, bmi1

Memory: 4k page, physical 7277312k(1955224k free), swap 10930332k(1020k free)

vm_info: Java HotSpot(TM) 64-Bit Server VM (25.144-b01) for windows-amd64 JRE (1.8.0_144-b01), built on Jul 21 2017 21:57:33 by "java_re" with MS VC++ 10.0 (VS2010)

time: Sat Apr 28 20:22:24 2018
elapsed time: 5789 seconds (0d 1h 36m 29s)

