#
# There is insufficient memory for the Java Runtime Environment to continue.
# Native memory allocation (malloc) failed to allocate 34016 bytes for Chunk::new
# Possible reasons:
#   The system is out of physical RAM or swap space
#   In 32 bit mode, the process size limit was hit
# Possible solutions:
#   Reduce memory load on the system
#   Increase physical memory or swap space
#   Check if swap backing store is full
#   Use 64 bit Java on a 64 bit OS
#   Decrease Java heap size (-Xmx/-Xms)
#   Decrease number of Java threads
#   Decrease Java thread stack sizes (-Xss)
#   Set larger code cache with -XX:ReservedCodeCacheSize=
# This output file may be truncated or incomplete.
#
#  Out of Memory Error (allocation.cpp:390), pid=7632, tid=0x0000000000001784
#
# JRE version: Java(TM) SE Runtime Environment (8.0_144-b01) (build 1.8.0_144-b01)
# Java VM: Java HotSpot(TM) 64-Bit Server VM (25.144-b01 mixed mode windows-amd64 compressed oops)
# Failed to write core dump. Minidumps are not enabled by default on client versions of Windows
#

---------------  T H R E A D  ---------------

Current thread (0x0000000019521800):  JavaThread "C2 CompilerThread0" daemon [_thread_in_native, id=6020, stack(0x000000001acb0000,0x000000001adb0000)]

Stack: [0x000000001acb0000,0x000000001adb0000]
[error occurred during error reporting (printing stack bounds), id 0xc0000005]

Native frames: (J=compiled Java code, j=interpreted, Vv=VM code, C=native code)


Current CompileTask:
C2:   8804  643       4       java.lang.StringBuilder::toString (17 bytes)


---------------  P R O C E S S  ---------------

Java Threads: ( => current thread )
  0x000000001afd0800 JavaThread "Service Thread" daemon [_thread_blocked, id=11100, stack(0x000000001b3b0000,0x000000001b4b0000)]
  0x000000001952a000 JavaThread "C1 CompilerThread2" daemon [_thread_blocked, id=1876, stack(0x000000001aeb0000,0x000000001afb0000)]
  0x0000000019523800 JavaThread "C2 CompilerThread1" daemon [_thread_blocked, id=14608, stack(0x000000001adb0000,0x000000001aeb0000)]
=>0x0000000019521800 JavaThread "C2 CompilerThread0" daemon [_thread_in_native, id=6020, stack(0x000000001acb0000,0x000000001adb0000)]
  0x000000001951e800 JavaThread "Attach Listener" daemon [_thread_blocked, id=6328, stack(0x000000001abb0000,0x000000001acb0000)]
  0x000000001951d000 JavaThread "Signal Dispatcher" daemon [_thread_blocked, id=14732, stack(0x000000001aab0000,0x000000001abb0000)]
  0x0000000019508800 JavaThread "Finalizer" daemon [_thread_blocked, id=11160, stack(0x000000001a7a0000,0x000000001a8a0000)]
  0x00000000052c1000 JavaThread "Reference Handler" daemon [_thread_blocked, id=1724, stack(0x000000001a6a0000,0x000000001a7a0000)]
  0x00000000051ce000 JavaThread "main" [_thread_in_vm, id=11300, stack(0x0000000005020000,0x0000000005120000)]

Other Threads:
  0x00000000194e7800 VMThread [stack: 0x000000001a5a0000,0x000000001a6a0000] [id=14504]
  0x000000001afef800 WatcherThread [stack: 0x000000001b610000,0x000000001b710000] [id=6564]

VM state:not at safepoint (normal execution)

VM Mutex/Monitor currently owned by a thread: None

Heap:
 PSYoungGen      total 119296K, used 57000K [0x00000000daf80000, 0x00000000eb280000, 0x0000000100000000)
  eden space 114688K, 49% used [0x00000000daf80000,0x00000000de72a248,0x00000000e1f80000)
  from space 4608K, 0% used [0x00000000e1f80000,0x00000000e1f80000,0x00000000e2400000)
  to   space 27648K, 0% used [0x00000000e9780000,0x00000000e9780000,0x00000000eb280000)
 ParOldGen       total 93184K, used 27960K [0x0000000090e00000, 0x0000000096900000, 0x00000000daf80000)
  object space 93184K, 30% used [0x0000000090e00000,0x000000009294e148,0x0000000096900000)
 Metaspace       used 12957K, capacity 13414K, committed 19632K, reserved 1064960K
  class space    used 1765K, capacity 1914K, committed 3840K, reserved 1048576K

Card table byte_map: [0x0000000014690000,0x0000000014a10000] byte_map_base: 0x0000000014209000

Marking Bits: (ParMarkBitMap*) 0x00000000556bd850
 Begin Bits: [0x0000000015070000, 0x0000000016c38000)
 End Bits:   [0x0000000016c38000, 0x0000000018800000)

Polling page: 0x00000000036a0000

CodeCache: size=245760Kb used=4049Kb max_used=4201Kb free=241710Kb
 bounds [0x00000000052d0000, 0x00000000056f0000, 0x00000000142d0000]
 total_blobs=839 nmethods=595 adapters=157
 compilation: enabled

Compilation events (10 events):
Event: 8.510 Thread 0x000000001952a000  637       3       java.util.Arrays::copyOf (46 bytes)
Event: 8.510 Thread 0x000000001952a000 nmethod 637 0x00000000056c2f10 code [0x00000000056c30c0, 0x00000000056c3768]
Event: 8.551 Thread 0x000000001952a000  638       3       java.util.WeakHashMap::newTable (8 bytes)
Event: 8.552 Thread 0x000000001952a000 nmethod 638 0x00000000056c2b50 code [0x00000000056c2ca0, 0x00000000056c2e70]
Event: 8.563 Thread 0x000000001952a000  639       3       java.util.Arrays::copyOf (13 bytes)
Event: 8.564 Thread 0x000000001952a000 nmethod 639 0x00000000056c9090 code [0x00000000056c9200, 0x00000000056c9408]
Event: 8.624 Thread 0x000000001952a000  640       3       java.util.ArrayList::<init> (12 bytes)
Event: 8.625 Thread 0x000000001952a000 nmethod 640 0x00000000056cadd0 code [0x00000000056caf40, 0x00000000056cb1d0]
Event: 8.795 Thread 0x000000001952a000  641       3       sun.nio.cs.SingleByte$Encoder::encodeArrayLoop (236 bytes)
Event: 8.797 Thread 0x0000000019521800  643       4       java.lang.StringBuilder::toString (17 bytes)

GC Heap History (10 events):
Event: 4.844 GC heap before
{Heap before GC invocations=3 (full 0):
 PSYoungGen      total 61952K, used 61924K [0x00000000daf80000, 0x00000000df080000, 0x0000000100000000)
  eden space 57344K, 100% used [0x00000000daf80000,0x00000000de780000,0x00000000de780000)
  from space 4608K, 99% used [0x00000000dec00000,0x00000000df0792f8,0x00000000df080000)
  to   space 4608K, 0% used [0x00000000de780000,0x00000000de780000,0x00000000dec00000)
 ParOldGen       total 76800K, used 9350K [0x0000000090e00000, 0x0000000095900000, 0x00000000daf80000)
  object space 76800K, 12% used [0x0000000090e00000,0x0000000091721ad8,0x0000000095900000)
 Metaspace       used 20523K, capacity 21180K, committed 21296K, reserved 1067008K
  class space    used 3540K, capacity 3708K, committed 3712K, reserved 1048576K
Event: 4.871 GC heap after
Heap after GC invocations=3 (full 0):
 PSYoungGen      total 61952K, used 4596K [0x00000000daf80000, 0x00000000e2880000, 0x0000000100000000)
  eden space 57344K, 0% used [0x00000000daf80000,0x00000000daf80000,0x00000000de780000)
  from space 4608K, 99% used [0x00000000de780000,0x00000000debfd040,0x00000000dec00000)
  to   space 4608K, 0% used [0x00000000e2400000,0x00000000e2400000,0x00000000e2880000)
 ParOldGen       total 76800K, used 18324K [0x0000000090e00000, 0x0000000095900000, 0x00000000daf80000)
  object space 76800K, 23% used [0x0000000090e00000,0x0000000091fe5128,0x0000000095900000)
 Metaspace       used 20523K, capacity 21180K, committed 21296K, reserved 1067008K
  class space    used 3540K, capacity 3708K, committed 3712K, reserved 1048576K
}
Event: 4.914 GC heap before
{Heap before GC invocations=4 (full 0):
 PSYoungGen      total 61952K, used 5732K [0x00000000daf80000, 0x00000000e2880000, 0x0000000100000000)
  eden space 57344K, 1% used [0x00000000daf80000,0x00000000db09c098,0x00000000de780000)
  from space 4608K, 99% used [0x00000000de780000,0x00000000debfd040,0x00000000dec00000)
  to   space 4608K, 0% used [0x00000000e2400000,0x00000000e2400000,0x00000000e2880000)
 ParOldGen       total 76800K, used 18324K [0x0000000090e00000, 0x0000000095900000, 0x00000000daf80000)
  object space 76800K, 23% used [0x0000000090e00000,0x0000000091fe5128,0x0000000095900000)
 Metaspace       used 20619K, capacity 21244K, committed 21296K, reserved 1067008K
  class space    used 3560K, capacity 3708K, committed 3712K, reserved 1048576K
Event: 4.926 GC heap after
Heap after GC invocations=4 (full 0):
 PSYoungGen      total 119296K, used 3780K [0x00000000daf80000, 0x00000000e2880000, 0x0000000100000000)
  eden space 114688K, 0% used [0x00000000daf80000,0x00000000daf80000,0x00000000e1f80000)
  from space 4608K, 82% used [0x00000000e2400000,0x00000000e27b1050,0x00000000e2880000)
  to   space 4608K, 0% used [0x00000000e1f80000,0x00000000e1f80000,0x00000000e2400000)
 ParOldGen       total 76800K, used 18324K [0x0000000090e00000, 0x0000000095900000, 0x00000000daf80000)
  object space 76800K, 23% used [0x0000000090e00000,0x0000000091fe5128,0x0000000095900000)
 Metaspace       used 20619K, capacity 21244K, committed 21296K, reserved 1067008K
  class space    used 3560K, capacity 3708K, committed 3712K, reserved 1048576K
}
Event: 4.926 GC heap before
{Heap before GC invocations=5 (full 1):
 PSYoungGen      total 119296K, used 3780K [0x00000000daf80000, 0x00000000e2880000, 0x0000000100000000)
  eden space 114688K, 0% used [0x00000000daf80000,0x00000000daf80000,0x00000000e1f80000)
  from space 4608K, 82% used [0x00000000e2400000,0x00000000e27b1050,0x00000000e2880000)
  to   space 4608K, 0% used [0x00000000e1f80000,0x00000000e1f80000,0x00000000e2400000)
 ParOldGen       total 76800K, used 18324K [0x0000000090e00000, 0x0000000095900000, 0x00000000daf80000)
  object space 76800K, 23% used [0x0000000090e00000,0x0000000091fe5128,0x0000000095900000)
 Metaspace       used 20619K, capacity 21244K, committed 21296K, reserved 1067008K
  class space    used 3560K, capacity 3708K, committed 3712K, reserved 1048576K
Event: 4.978 GC heap after
Heap after GC invocations=5 (full 1):
 PSYoungGen      total 119296K, used 0K [0x00000000daf80000, 0x00000000e2880000, 0x0000000100000000)
  eden space 114688K, 0% used [0x00000000daf80000,0x00000000daf80000,0x00000000e1f80000)
  from space 4608K, 0% used [0x00000000e2400000,0x00000000e2400000,0x00000000e2880000)
  to   space 4608K, 0% used [0x00000000e1f80000,0x00000000e1f80000,0x00000000e2400000)
 ParOldGen       total 44032K, used 2949K [0x0000000090e00000, 0x0000000093900000, 0x00000000daf80000)
  object space 44032K, 6% used [0x0000000090e00000,0x00000000910e1560,0x0000000093900000)
 Metaspace       used 9236K, capacity 9348K, committed 19248K, reserved 1064960K
  class space    used 1211K, capacity 1240K, committed 3712K, reserved 1048576K
}
Event: 7.707 GC heap before
{Heap before GC invocations=6 (full 1):
 PSYoungGen      total 119296K, used 114688K [0x00000000daf80000, 0x00000000e2880000, 0x0000000100000000)
  eden space 114688K, 100% used [0x00000000daf80000,0x00000000e1f80000,0x00000000e1f80000)
  from space 4608K, 0% used [0x00000000e2400000,0x00000000e2400000,0x00000000e2880000)
  to   space 4608K, 0% used [0x00000000e1f80000,0x00000000e1f80000,0x00000000e2400000)
 ParOldGen       total 44032K, used 2949K [0x0000000090e00000, 0x0000000093900000, 0x00000000daf80000)
  object space 44032K, 6% used [0x0000000090e00000,0x00000000910e1560,0x0000000093900000)
 Metaspace       used 16662K, capacity 17626K, committed 19632K, reserved 1064960K
  class space    used 2458K, capacity 2718K, committed 3840K, reserved 1048576K
Event: 7.750 GC heap after
Heap after GC invocations=6 (full 1):
 PSYoungGen      total 119296K, used 4593K [0x00000000daf80000, 0x00000000eb280000, 0x0000000100000000)
  eden space 114688K, 0% used [0x00000000daf80000,0x00000000daf80000,0x00000000e1f80000)
  from space 4608K, 99% used [0x00000000e1f80000,0x00000000e23fc7b8,0x00000000e2400000)
  to   space 27648K, 0% used [0x00000000e9780000,0x00000000e9780000,0x00000000eb280000)
 ParOldGen       total 44032K, used 26715K [0x0000000090e00000, 0x0000000093900000, 0x00000000daf80000)
  object space 44032K, 60% used [0x0000000090e00000,0x0000000092816de8,0x0000000093900000)
 Metaspace       used 16662K, capacity 17626K, committed 19632K, reserved 1064960K
  class space    used 2458K, capacity 2718K, committed 3840K, reserved 1048576K
}
Event: 7.750 GC heap before
{Heap before GC invocations=7 (full 2):
 PSYoungGen      total 119296K, used 4593K [0x00000000daf80000, 0x00000000eb280000, 0x0000000100000000)
  eden space 114688K, 0% used [0x00000000daf80000,0x00000000daf80000,0x00000000e1f80000)
  from space 4608K, 99% used [0x00000000e1f80000,0x00000000e23fc7b8,0x00000000e2400000)
  to   space 27648K, 0% used [0x00000000e9780000,0x00000000e9780000,0x00000000eb280000)
 ParOldGen       total 44032K, used 26715K [0x0000000090e00000, 0x0000000093900000, 0x00000000daf80000)
  object space 44032K, 60% used [0x0000000090e00000,0x0000000092816de8,0x0000000093900000)
 Metaspace       used 16662K, capacity 17626K, committed 19632K, reserved 1064960K
  class space    used 2458K, capacity 2718K, committed 3840K, reserved 1048576K
Event: 7.877 GC heap after
Heap after GC invocations=7 (full 2):
 PSYoungGen      total 119296K, used 0K [0x00000000daf80000, 0x00000000eb280000, 0x0000000100000000)
  eden space 114688K, 0% used [0x00000000daf80000,0x00000000daf80000,0x00000000e1f80000)
  from space 4608K, 0% used [0x00000000e1f80000,0x00000000e1f80000,0x00000000e2400000)
  to   space 27648K, 0% used [0x00000000e9780000,0x00000000e9780000,0x00000000eb280000)
 ParOldGen       total 93184K, used 27960K [0x0000000090e00000, 0x0000000096900000, 0x00000000daf80000)
  object space 93184K, 30% used [0x0000000090e00000,0x000000009294e148,0x0000000096900000)
 Metaspace       used 8584K, capacity 8694K, committed 19632K, reserved 1064960K
  class space    used 1081K, capacity 1106K, committed 3840K, reserved 1048576K
}

Deoptimization events (10 events):
Event: 3.578 Thread 0x00000000051ce000 Uncommon trap: reason=unstable_if action=reinterpret pc=0x00000000054b5c48 method=sun.misc.URLClassPath.getLoader(I)Lsun/misc/URLClassPath$Loader; @ 36
Event: 3.578 Thread 0x00000000051ce000 Uncommon trap: reason=unstable_if action=reinterpret pc=0x000000000548017c method=java.io.WinNTFileSystem.normalize(Ljava/lang/String;)Ljava/lang/String; @ 40
Event: 3.765 Thread 0x00000000051ce000 Uncommon trap: reason=bimorphic action=maybe_recompile pc=0x00000000055389c0 method=java.util.WeakHashMap.hash(Ljava/lang/Object;)I @ 1
Event: 3.777 Thread 0x00000000051ce000 Uncommon trap: reason=bimorphic action=maybe_recompile pc=0x00000000055389c0 method=java.util.WeakHashMap.hash(Ljava/lang/Object;)I @ 1
Event: 3.796 Thread 0x00000000051ce000 Uncommon trap: reason=unstable_if action=reinterpret pc=0x0000000005506bb4 method=java.util.HashMap.getNode(ILjava/lang/Object;)Ljava/util/HashMap$Node; @ 116
Event: 4.995 Thread 0x00000000051ce000 Uncommon trap: reason=unstable_if action=reinterpret pc=0x00000000055eb47c method=sun.misc.URLClassPath.getLoader(I)Lsun/misc/URLClassPath$Loader; @ 36
Event: 5.028 Thread 0x00000000051ce000 Uncommon trap: reason=unstable_if action=reinterpret pc=0x000000000562204c method=sun.misc.URLClassPath.getLoader(I)Lsun/misc/URLClassPath$Loader; @ 36
Event: 5.686 Thread 0x00000000051ce000 Uncommon trap: reason=unstable_if action=reinterpret pc=0x00000000056436a0 method=java.util.zip.ZipFile$ZipFileInputStream.read([BII)I @ 46
Event: 7.600 Thread 0x00000000051ce000 Uncommon trap: reason=unstable_if action=reinterpret pc=0x000000000568e1c8 method=java.util.zip.ZipFile.getInputStream(Ljava/util/zip/ZipEntry;)Ljava/io/InputStream; @ 201
Event: 7.890 Thread 0x00000000051ce000 Uncommon trap: reason=unstable_if action=reinterpret pc=0x000000000551f4e4 method=java.util.WeakHashMap.expungeStaleEntries()V @ 53

Internal exceptions (10 events):
Event: 8.790 Thread 0x00000000051ce000 Exception <a 'java/lang/NoClassDefFoundError'> (0x00000000de6afdc0) thrown at [C:\re\workspace\8-2-build-windows-amd64-cygwin\jdk8u144\9417\hotspot\src\share\vm\prims\jvm.cpp, line 1394]
Event: 8.790 Thread 0x00000000051ce000 Exception <a 'java/lang/NoClassDefFoundError': com/telerik/android/common/DependencyPropertyChangedListener> (0x00000000de6b8650) thrown at [C:\re\workspace\8-2-build-windows-amd64-cygwin\jdk8u144\9417\hotspot\src\share\vm\classfile\systemDictionary.cpp, 
Event: 8.790 Thread 0x00000000051ce000 Exception <a 'java/lang/NoClassDefFoundError'> (0x00000000de6b8650) thrown at [C:\re\workspace\8-2-build-windows-amd64-cygwin\jdk8u144\9417\hotspot\src\share\vm\prims\jvm.cpp, line 1394]
Event: 8.794 Thread 0x00000000051ce000 Exception <a 'java/lang/NoClassDefFoundError': com/telerik/android/common/PropertyManager> (0x00000000de6eb9e8) thrown at [C:\re\workspace\8-2-build-windows-amd64-cygwin\jdk8u144\9417\hotspot\src\share\vm\classfile\systemDictionary.cpp, line 199]
Event: 8.794 Thread 0x00000000051ce000 Exception <a 'java/lang/NoClassDefFoundError'> (0x00000000de6eb9e8) thrown at [C:\re\workspace\8-2-build-windows-amd64-cygwin\jdk8u144\9417\hotspot\src\share\vm\prims\jvm.cpp, line 1394]
Event: 8.794 Thread 0x00000000051ce000 Exception <a 'java/lang/NoClassDefFoundError'> (0x00000000de6eb9e8) thrown at [C:\re\workspace\8-2-build-windows-amd64-cygwin\jdk8u144\9417\hotspot\src\share\vm\prims\jvm.cpp, line 1394]
Event: 8.794 Thread 0x00000000051ce000 Exception <a 'java/lang/NoClassDefFoundError'> (0x00000000de6eb9e8) thrown at [C:\re\workspace\8-2-build-windows-amd64-cygwin\jdk8u144\9417\hotspot\src\share\vm\prims\jvm.cpp, line 1394]
Event: 8.794 Thread 0x00000000051ce000 Exception <a 'java/lang/NoClassDefFoundError'> (0x00000000de6eb9e8) thrown at [C:\re\workspace\8-2-build-windows-amd64-cygwin\jdk8u144\9417\hotspot\src\share\vm\prims\jvm.cpp, line 1394]
Event: 8.795 Thread 0x00000000051ce000 Exception <a 'java/lang/OutOfMemoryError'> (0x00000000de6f6898) thrown at [C:\re\workspace\8-2-build-windows-amd64-cygwin\jdk8u144\9417\hotspot\src\share\vm\prims\jni.cpp, line 735]
Event: 8.795 Thread 0x00000000051ce000 Exception <a 'java/lang/OutOfMemoryError'> (0x00000000de6f6898) thrown at [C:\re\workspace\8-2-build-windows-amd64-cygwin\jdk8u144\9417\hotspot\src\share\vm\prims\jvm.cpp, line 1394]

Events (10 events):
Event: 8.796 loading class java/lang/Throwable$WrappedPrintStream
Event: 8.796 loading class java/lang/Throwable$PrintStreamOrWriter
Event: 8.796 loading class java/lang/Throwable$PrintStreamOrWriter done
Event: 8.796 loading class java/lang/Throwable$WrappedPrintStream done
Event: 8.796 loading class java/util/IdentityHashMap$KeySet
Event: 8.796 loading class java/util/IdentityHashMap$KeySet done
Event: 8.799 Thread 0x000000001952a000 flushing nmethod 0x00000000053d7390
Event: 8.799 Thread 0x000000001952a000 flushing nmethod 0x00000000053d76d0
Event: 8.799 Thread 0x000000001952a000 flushing nmethod 0x00000000053d7bd0
Event: 8.799 Thread 0x000000001952a000 flushing nmethod 0x00000000053d9fd0


Dynamic libraries:
0x00007ff70e770000 - 0x00007ff70e7a7000 	C:\Program Files\Java\jdk1.8.0_144\bin\java.exe
0x00007ffc6a020000 - 0x00007ffc6a200000 	C:\WINDOWS\SYSTEM32\ntdll.dll
0x00007ffc696d0000 - 0x00007ffc6977e000 	C:\WINDOWS\System32\KERNEL32.DLL
0x00007ffc66940000 - 0x00007ffc66ba6000 	C:\WINDOWS\System32\KERNELBASE.dll
0x00007ffc69900000 - 0x00007ffc699a1000 	C:\WINDOWS\System32\ADVAPI32.dll
0x00007ffc697b0000 - 0x00007ffc6984d000 	C:\WINDOWS\System32\msvcrt.dll
0x00007ffc67dd0000 - 0x00007ffc67e2b000 	C:\WINDOWS\System32\sechost.dll
0x00007ffc69cd0000 - 0x00007ffc69def000 	C:\WINDOWS\System32\RPCRT4.dll
0x00007ffc69df0000 - 0x00007ffc69f7f000 	C:\WINDOWS\System32\USER32.dll
0x00007ffc66c50000 - 0x00007ffc66c70000 	C:\WINDOWS\System32\win32u.dll
0x00007ffc67be0000 - 0x00007ffc67c08000 	C:\WINDOWS\System32\GDI32.dll
0x00007ffc666a0000 - 0x00007ffc66833000 	C:\WINDOWS\System32\gdi32full.dll
0x00007ffc66bb0000 - 0x00007ffc66c4b000 	C:\WINDOWS\System32\msvcp_win.dll
0x00007ffc66840000 - 0x00007ffc66936000 	C:\WINDOWS\System32\ucrtbase.dll
0x00007ffc54aa0000 - 0x00007ffc54d09000 	C:\WINDOWS\WinSxS\amd64_microsoft.windows.common-controls_6595b64144ccf1df_6.0.16299.371_none_15c7d1789365a290\COMCTL32.dll
0x00007ffc699b0000 - 0x00007ffc69cb8000 	C:\WINDOWS\System32\combase.dll
0x00007ffc67470000 - 0x00007ffc674e2000 	C:\WINDOWS\System32\bcryptPrimitives.dll
0x00007ffc69780000 - 0x00007ffc697ad000 	C:\WINDOWS\System32\IMM32.DLL
0x0000000055740000 - 0x0000000055812000 	C:\Program Files\Java\jdk1.8.0_144\jre\bin\msvcr100.dll
0x0000000054ea0000 - 0x000000005573d000 	C:\Program Files\Java\jdk1.8.0_144\jre\bin\server\jvm.dll
0x00007ffc698f0000 - 0x00007ffc698f8000 	C:\WINDOWS\System32\PSAPI.DLL
0x00007ffc4f1c0000 - 0x00007ffc4f1c9000 	C:\WINDOWS\SYSTEM32\WSOCK32.dll
0x00007ffc67e90000 - 0x00007ffc67efc000 	C:\WINDOWS\System32\WS2_32.dll
0x00007ffc63410000 - 0x00007ffc63433000 	C:\WINDOWS\SYSTEM32\WINMM.dll
0x00007ffc605f0000 - 0x00007ffc605fa000 	C:\WINDOWS\SYSTEM32\VERSION.dll
0x00007ffc633e0000 - 0x00007ffc6340a000 	C:\WINDOWS\SYSTEM32\WINMMBASE.dll
0x00007ffc66c70000 - 0x00007ffc66cba000 	C:\WINDOWS\System32\cfgmgr32.dll
0x0000000057630000 - 0x000000005763f000 	C:\Program Files\Java\jdk1.8.0_144\jre\bin\verify.dll
0x0000000057600000 - 0x0000000057629000 	C:\Program Files\Java\jdk1.8.0_144\jre\bin\java.dll
0x0000000054e80000 - 0x0000000054e96000 	C:\Program Files\Java\jdk1.8.0_144\jre\bin\zip.dll
0x00007ffc67fb0000 - 0x00007ffc693e6000 	C:\WINDOWS\System32\SHELL32.dll
0x00007ffc67f00000 - 0x00007ffc67fa6000 	C:\WINDOWS\System32\shcore.dll
0x00007ffc66d20000 - 0x00007ffc67467000 	C:\WINDOWS\System32\windows.storage.dll
0x00007ffc69f90000 - 0x00007ffc69fe1000 	C:\WINDOWS\System32\shlwapi.dll
0x00007ffc66370000 - 0x00007ffc66381000 	C:\WINDOWS\System32\kernel.appcore.dll
0x00007ffc663d0000 - 0x00007ffc6641c000 	C:\WINDOWS\System32\powrprof.dll
0x00007ffc663b0000 - 0x00007ffc663cb000 	C:\WINDOWS\System32\profapi.dll

VM Arguments:
jvm_args: -Dfile.encoding=windows-1252 -Duser.country=CO -Duser.language=es -Duser.variant 
java_command: static-binding-generator.jar
java_class_path (initial): static-binding-generator.jar
Launcher Type: SUN_STANDARD

Environment Variables:
JAVA_HOME=C:\Program Files\Java\jdk1.8.0_144
CLASSPATH=C:\Users\Personal\Desktop\ProyectosOscar\ProyectoMovil\VetsCol\platforms\android\\gradle\wrapper\gradle-wrapper.jar
PATH=C:\ProgramData\Oracle\Java\javapath;C:\Program Files (x86)\Common Files\Intel\Shared Files\cpp\bin\Intel64;C:\WINDOWS\system32;C:\WINDOWS;C:\WINDOWS\System32\Wbem;C:\WINDOWS\System32\WindowsPowerShell\v1.0\;C:\Program Files (x86)\AMD\ATI.ACE\Core-Static;C:\ProgramData\chocolatey\bin;C:\Program Files\Git\cmd;C:\Program Files\nodejs\;C:\Program Files (x86)\Bitvise SSH Client;C:\Program Files\PuTTY\;C:\Users\Personal\AppData\Local\Microsoft\WindowsApps;C:\Android\android-sdk\platform-tools;C:\Users\Personal\AppData\Local\GitHubDesktop\bin;C:\Kony\ImageMagick;C:\android-sdk\platform-tools;C:\android-sdk\tools;C:\Program Files\Java\jdk1.8.0_144\bin;C:\apache-ant-1.10.1\bin;C:\apache-ant-1.10.1\lib;;C:\Users\Personal\AppData\Local\Microsoft\WindowsApps;C:\Users\Personal\AppData\Roaming\npm;C:\Program Files\Microsoft VS Code\bin
USERNAME=Personal
OS=Windows_NT
PROCESSOR_IDENTIFIER=AMD64 Family 21 Model 96 Stepping 1, AuthenticAMD



---------------  S Y S T E M  ---------------

OS: Windows 10.0 , 64 bit Build 16299 (10.0.16299.15)

CPU:total 4 (initial active 4) (4 cores per cpu, 1 threads per core) family 21 model 96 stepping 1, cmov, cx8, fxsr, mmx, sse, sse2, sse3, ssse3, sse4.1, sse4.2, popcnt, avx, avx2, aes, clmul, mmxext, 3dnowpref, lzcnt, sse4a, tsc, tscinvbit, tscinv, bmi1

Memory: 4k page, physical 7277312k(1957492k free), swap 10930332k(2164k free)

vm_info: Java HotSpot(TM) 64-Bit Server VM (25.144-b01) for windows-amd64 JRE (1.8.0_144-b01), built on Jul 21 2017 21:57:33 by "java_re" with MS VC++ 10.0 (VS2010)

time: Sat Apr 28 20:22:24 2018
elapsed time: 8 seconds (0d 0h 0m 8s)

